<?xml version="1.0" encoding="UTF-8" standalone="yes"?><!DOCTYPE report PUBLIC "-//JACOCO//DTD Report 1.0//EN" "report.dtd"><report name="JaCoCoverage analysis (powered by JaCoCo from EclEmma)"><sessioninfo id="DESKTOP-NO8TD7I-9a4b7697" start="1515935469899" dump="1515935471649"/><sessioninfo id="DESKTOP-NO8TD7I-3d446eb9" start="1515935471921" dump="1515935472249"/><sessioninfo id="DESKTOP-NO8TD7I-bbd93c47" start="1515935472490" dump="1515935472818"/><sessioninfo id="DESKTOP-NO8TD7I-4a0c8320" start="1515935473074" dump="1515935473386"/><sessioninfo id="DESKTOP-NO8TD7I-60823803" start="1515935473625" dump="1515935473938"/><sessioninfo id="DESKTOP-NO8TD7I-d3f8f78e" start="1515935474204" dump="1515935474517"/><sessioninfo id="DESKTOP-NO8TD7I-680758cc" start="1515935474778" dump="1515935475091"/><sessioninfo id="DESKTOP-NO8TD7I-77c03f6e" start="1515935475351" dump="1515935475664"/><package name="Database"><class name="Database/Database"><method name="&lt;init&gt;" desc="()V" line="23"><counter type="INSTRUCTION" missed="0" covered="6"/><counter type="LINE" missed="0" covered="2"/><counter type="COMPLEXITY" missed="0" covered="1"/><counter type="METHOD" missed="0" covered="1"/></method><method name="InitConnection" desc="()V" line="30"><counter type="INSTRUCTION" missed="8" covered="9"/><counter type="LINE" missed="2" covered="3"/><counter type="COMPLEXITY" missed="0" covered="1"/><counter type="METHOD" missed="0" covered="1"/></method><method name="RegisterUser" desc="(Ljava/lang/String;Ljava/lang/String;Ljava/lang/String;)V" line="41"><counter type="INSTRUCTION" missed="17" covered="40"/><counter type="LINE" missed="3" covered="12"/><counter type="COMPLEXITY" missed="0" covered="1"/><counter type="METHOD" missed="0" covered="1"/></method><method name="GetChatMessages" desc="(Ljava/lang/String;Ljava/util/ArrayList;)Ljava/util/ArrayList;" line="60"><counter type="INSTRUCTION" missed="45" covered="47"/><counter type="BRANCH" missed="0" covered="2"/><counter type="LINE" missed="6" covered="10"/><counter type="COMPLEXITY" missed="0" covered="2"/><counter type="METHOD" missed="0" covered="1"/></method><method name="GetFriends" desc="(LModels/User;)Ljava/util/ArrayList;" line="84"><counter type="INSTRUCTION" missed="55" covered="54"/><counter type="BRANCH" missed="1" covered="3"/><counter type="LINE" missed="7" covered="14"/><counter type="COMPLEXITY" missed="1" covered="2"/><counter type="METHOD" missed="0" covered="1"/></method><method name="Login" desc="(Ljava/lang/String;Ljava/lang/String;)LModels/User;" line="116"><counter type="INSTRUCTION" missed="55" covered="43"/><counter type="BRANCH" missed="1" covered="1"/><counter type="LINE" missed="7" covered="10"/><counter type="COMPLEXITY" missed="1" covered="1"/><counter type="METHOD" missed="0" covered="1"/></method><method name="GetChats" desc="(LModels/User;)Ljava/util/ArrayList;" line="140"><counter type="INSTRUCTION" missed="45" covered="61"/><counter type="BRANCH" missed="0" covered="2"/><counter type="LINE" missed="6" covered="17"/><counter type="COMPLEXITY" missed="0" covered="2"/><counter type="METHOD" missed="0" covered="1"/></method><method name="FriendRequest" desc="(LModels/User;LModels/User;)V" line="171"><counter type="INSTRUCTION" missed="29" covered="25"/><counter type="LINE" missed="6" covered="8"/><counter type="COMPLEXITY" missed="0" covered="1"/><counter type="METHOD" missed="0" covered="1"/></method><method name="AcceptFriendRequest" desc="(LModels/IMessage;LModels/User;)V" line="191"><counter type="INSTRUCTION" missed="33" covered="40"/><counter type="LINE" missed="4" covered="11"/><counter type="COMPLEXITY" missed="0" covered="1"/><counter type="METHOD" missed="0" covered="1"/></method><method name="RemoveMessage" desc="(LModels/IMessage;)V" line="212"><counter type="INSTRUCTION" missed="45" covered="20"/><counter type="LINE" missed="6" covered="7"/><counter type="COMPLEXITY" missed="0" covered="1"/><counter type="METHOD" missed="0" covered="1"/></method><method name="RemoveFriend" desc="(LModels/User;LModels/User;)V" line="231"><counter type="INSTRUCTION" missed="45" covered="35"/><counter type="LINE" missed="6" covered="10"/><counter type="COMPLEXITY" missed="0" covered="1"/><counter type="METHOD" missed="0" covered="1"/></method><method name="CreateChat" desc="(Ljava/util/ArrayList;Ljava/lang/String;)V" line="253"><counter type="INSTRUCTION" missed="51" covered="41"/><counter type="BRANCH" missed="2" covered="0"/><counter type="LINE" missed="6" covered="12"/><counter type="COMPLEXITY" missed="1" covered="1"/><counter type="METHOD" missed="0" covered="1"/></method><method name="GetChatUsers" desc="(Ljava/lang/String;)Ljava/util/ArrayList;" line="277"><counter type="INSTRUCTION" missed="45" covered="37"/><counter type="BRANCH" missed="0" covered="2"/><counter type="LINE" missed="6" covered="10"/><counter type="COMPLEXITY" missed="0" covered="2"/><counter type="METHOD" missed="0" covered="1"/></method><method name="GetChat" desc="(Ljava/lang/String;)LModels/Chat;" line="300"><counter type="INSTRUCTION" missed="0" covered="16"/><counter type="LINE" missed="0" covered="3"/><counter type="COMPLEXITY" missed="0" covered="1"/><counter type="METHOD" missed="0" covered="1"/></method><method name="SendChatMessage" desc="(LModels/ChatMessage;)V" line="308"><counter type="INSTRUCTION" missed="45" covered="30"/><counter type="LINE" missed="6" covered="9"/><counter type="COMPLEXITY" missed="0" covered="1"/><counter type="METHOD" missed="0" covered="1"/></method><method name="GetMessages" desc="(LModels/User;)Ljava/util/ArrayList;" line="328"><counter type="INSTRUCTION" missed="45" covered="108"/><counter type="BRANCH" missed="1" covered="7"/><counter type="LINE" missed="6" covered="26"/><counter type="COMPLEXITY" missed="1" covered="4"/><counter type="METHOD" missed="0" covered="1"/></method><method name="PrivateMessage" desc="(LModels/PrivateMessage;)V" line="372"><counter type="INSTRUCTION" missed="8" covered="28"/><counter type="LINE" missed="2" covered="8"/><counter type="COMPLEXITY" missed="0" covered="1"/><counter type="METHOD" missed="0" covered="1"/></method><method name="GroupInvitation" desc="(LModels/GroupInvitation;)V" line="387"><counter type="INSTRUCTION" missed="8" covered="28"/><counter type="LINE" missed="2" covered="8"/><counter type="COMPLEXITY" missed="0" covered="1"/><counter type="METHOD" missed="0" covered="1"/></method><method name="AcceptGroupInvitation" desc="(LModels/GroupInvitation;)V" line="401"><counter type="INSTRUCTION" missed="8" covered="26"/><counter type="LINE" missed="2" covered="8"/><counter type="COMPLEXITY" missed="0" covered="1"/><counter type="METHOD" missed="0" covered="1"/></method><method name="RemoveUserFromChat" desc="(LModels/User;LModels/Chat;)V" line="415"><counter type="INSTRUCTION" missed="8" covered="22"/><counter type="LINE" missed="2" covered="7"/><counter type="COMPLEXITY" missed="0" covered="1"/><counter type="METHOD" missed="0" covered="1"/></method><counter type="INSTRUCTION" missed="595" covered="716"/><counter type="BRANCH" missed="5" covered="17"/><counter type="LINE" missed="85" covered="195"/><counter type="COMPLEXITY" missed="4" covered="27"/><counter type="METHOD" missed="0" covered="20"/><counter type="CLASS" missed="0" covered="1"/></class><class name="Database/DatabaseServer"><method name="&lt;init&gt;" desc="()V" line="18"><counter type="INSTRUCTION" missed="14" covered="0"/><counter type="LINE" missed="4" covered="0"/><counter type="COMPLEXITY" missed="1" covered="0"/><counter type="METHOD" missed="1" covered="0"/></method><method name="main" desc="([Ljava/lang/String;)V" line="25"><counter type="INSTRUCTION" missed="3" covered="0"/><counter type="LINE" missed="2" covered="0"/><counter type="COMPLEXITY" missed="1" covered="0"/><counter type="METHOD" missed="1" covered="0"/></method><method name="start" desc="(Ljavafx/stage/Stage;)V" line="31"><counter type="INSTRUCTION" missed="23" covered="0"/><counter type="LINE" missed="7" covered="0"/><counter type="COMPLEXITY" missed="1" covered="0"/><counter type="METHOD" missed="1" covered="0"/></method><counter type="INSTRUCTION" missed="40" covered="0"/><counter type="LINE" missed="13" covered="0"/><counter type="COMPLEXITY" missed="3" covered="0"/><counter type="METHOD" missed="3" covered="0"/><counter type="CLASS" missed="1" covered="0"/></class><sourcefile name="Database.java"><line nr="23" mi="0" ci="2" mb="0" cb="0"/><line nr="25" mi="0" ci="4" mb="0" cb="0"/><line nr="30" mi="0" ci="7" mb="0" cb="0"/><line nr="31" mi="1" ci="0" mb="0" cb="0"/><line nr="32" mi="7" ci="0" mb="0" cb="0"/><line nr="33" mi="0" ci="1" mb="0" cb="0"/><line nr="34" mi="0" ci="1" mb="0" cb="0"/><line nr="41" mi="0" ci="2" mb="0" cb="0"/><line nr="42" mi="0" ci="5" mb="0" cb="0"/><line nr="43" mi="0" ci="4" mb="0" cb="0"/><line nr="44" mi="0" ci="4" mb="0" cb="0"/><line nr="45" mi="0" ci="4" mb="0" cb="0"/><line nr="46" mi="0" ci="3" mb="0" cb="0"/><line nr="47" mi="0" ci="1" mb="0" cb="0"/><line nr="48" mi="0" ci="5" mb="0" cb="0"/><line nr="51" mi="0" ci="1" mb="0" cb="0"/><line nr="52" mi="0" ci="6" mb="0" cb="0"/><line nr="53" mi="2" ci="0" mb="0" cb="0"/><line nr="54" mi="14" ci="0" mb="0" cb="0"/><line nr="55" mi="0" ci="4" mb="0" cb="0"/><line nr="56" mi="1" ci="0" mb="0" cb="0"/><line nr="57" mi="0" ci="1" mb="0" cb="0"/><line nr="60" mi="0" ci="4" mb="0" cb="0"/><line nr="62" mi="0" ci="2" mb="0" cb="0"/><line nr="63" mi="0" ci="5" mb="0" cb="0"/><line nr="64" mi="0" ci="4" mb="0" cb="0"/><line nr="65" mi="0" ci="3" mb="0" cb="0"/><line nr="66" mi="0" ci="3" mb="0" cb="2"/><line nr="67" mi="0" ci="20" mb="0" cb="0"/><line nr="69" mi="1" ci="0" mb="0" cb="0"/><line nr="70" mi="7" ci="0" mb="0" cb="0"/><line nr="73" mi="1" ci="0" mb="0" cb="0"/><line nr="74" mi="6" ci="3" mb="0" cb="0"/><line nr="75" mi="3" ci="0" mb="0" cb="0"/><line nr="76" mi="21" ci="0" mb="0" cb="0"/><line nr="77" mi="4" ci="1" mb="0" cb="0"/><line nr="78" mi="2" ci="0" mb="0" cb="0"/><line nr="79" mi="0" ci="2" mb="0" cb="0"/><line nr="84" mi="0" ci="4" mb="0" cb="0"/><line nr="86" mi="0" ci="2" mb="0" cb="0"/><line nr="87" mi="0" ci="5" mb="0" cb="0"/><line nr="88" mi="0" ci="5" mb="0" cb="0"/><line nr="89" mi="0" ci="5" mb="0" cb="0"/><line nr="90" mi="0" ci="5" mb="0" cb="0"/><line nr="91" mi="0" ci="3" mb="0" cb="0"/><line nr="92" mi="0" ci="3" mb="0" cb="0"/><line nr="93" mi="0" ci="3" mb="1" cb="1"/><line nr="94" mi="10" ci="0" mb="0" cb="0"/><line nr="96" mi="0" ci="3" mb="0" cb="2"/><line nr="97" mi="0" ci="10" mb="0" cb="0"/><line nr="100" mi="1" ci="0" mb="0" cb="0"/><line nr="101" mi="7" ci="0" mb="0" cb="0"/><line nr="104" mi="1" ci="0" mb="0" cb="0"/><line nr="105" mi="6" ci="3" mb="0" cb="0"/><line nr="106" mi="3" ci="0" mb="0" cb="0"/><line nr="107" mi="21" ci="0" mb="0" cb="0"/><line nr="108" mi="4" ci="1" mb="0" cb="0"/><line nr="109" mi="2" ci="0" mb="0" cb="0"/><line nr="110" mi="0" ci="2" mb="0" cb="0"/><line nr="116" mi="0" ci="2" mb="0" cb="0"/><line nr="117" mi="0" ci="5" mb="0" cb="0"/><line nr="118" mi="0" ci="4" mb="0" cb="0"/><line nr="119" mi="0" ci="4" mb="0" cb="0"/><line nr="120" mi="0" ci="3" mb="0" cb="0"/><line nr="121" mi="0" ci="3" mb="1" cb="1"/><line nr="122" mi="0" ci="4" mb="0" cb="0"/><line nr="123" mi="0" ci="14" mb="0" cb="0"/><line nr="125" mi="1" ci="0" mb="0" cb="0"/><line nr="126" mi="4" ci="0" mb="0" cb="0"/><line nr="129" mi="1" ci="0" mb="0" cb="0"/><line nr="130" mi="9" ci="3" mb="0" cb="0"/><line nr="131" mi="4" ci="0" mb="0" cb="0"/><line nr="132" mi="28" ci="0" mb="0" cb="0"/><line nr="133" mi="5" ci="1" mb="0" cb="0"/><line nr="134" mi="1" ci="0" mb="0" cb="0"/><line nr="135" mi="2" ci="0" mb="0" cb="0"/><line nr="140" mi="0" ci="4" mb="0" cb="0"/><line nr="142" mi="0" ci="2" mb="0" cb="0"/><line nr="143" mi="0" ci="5" mb="0" cb="0"/><line nr="144" mi="0" ci="5" mb="0" cb="0"/><line nr="145" mi="0" ci="5" mb="0" cb="0"/><line nr="146" mi="0" ci="3" mb="0" cb="0"/><line nr="147" mi="0" ci="3" mb="0" cb="2"/><line nr="148" mi="0" ci="4" mb="0" cb="0"/><line nr="149" mi="0" ci="4" mb="0" cb="0"/><line nr="150" mi="0" ci="3" mb="0" cb="0"/><line nr="151" mi="0" ci="3" mb="0" cb="0"/><line nr="152" mi="0" ci="4" mb="0" cb="0"/><line nr="153" mi="0" ci="9" mb="0" cb="0"/><line nr="154" mi="0" ci="1" mb="0" cb="0"/><line nr="155" mi="1" ci="0" mb="0" cb="0"/><line nr="156" mi="7" ci="0" mb="0" cb="0"/><line nr="159" mi="1" ci="0" mb="0" cb="0"/><line nr="160" mi="6" ci="3" mb="0" cb="0"/><line nr="161" mi="3" ci="0" mb="0" cb="0"/><line nr="162" mi="21" ci="0" mb="0" cb="0"/><line nr="163" mi="4" ci="1" mb="0" cb="0"/><line nr="164" mi="2" ci="0" mb="0" cb="0"/><line nr="165" mi="0" ci="2" mb="0" cb="0"/><line nr="171" mi="0" ci="2" mb="0" cb="0"/><line nr="172" mi="0" ci="5" mb="0" cb="0"/><line nr="173" mi="0" ci="5" mb="0" cb="0"/><line nr="174" mi="0" ci="5" mb="0" cb="0"/><line nr="175" mi="0" ci="3" mb="0" cb="0"/><line nr="176" mi="1" ci="0" mb="0" cb="0"/><line nr="177" mi="4" ci="0" mb="0" cb="0"/><line nr="180" mi="1" ci="0" mb="0" cb="0"/><line nr="181" mi="3" ci="3" mb="0" cb="0"/><line nr="182" mi="2" ci="0" mb="0" cb="0"/><line nr="183" mi="14" ci="0" mb="0" cb="0"/><line nr="184" mi="3" ci="1" mb="0" cb="0"/><line nr="185" mi="1" ci="0" mb="0" cb="0"/><line nr="186" mi="0" ci="1" mb="0" cb="0"/><line nr="191" mi="0" ci="2" mb="0" cb="0"/><line nr="192" mi="0" ci="5" mb="0" cb="0"/><line nr="193" mi="0" ci="5" mb="0" cb="0"/><line nr="194" mi="0" ci="5" mb="0" cb="0"/><line nr="195" mi="0" ci="3" mb="0" cb="0"/><line nr="196" mi="0" ci="3" mb="0" cb="0"/><line nr="197" mi="0" ci="1" mb="0" cb="0"/><line nr="198" mi="0" ci="7" mb="0" cb="0"/><line nr="201" mi="1" ci="0" mb="0" cb="0"/><line nr="202" mi="3" ci="6" mb="0" cb="0"/><line nr="203" mi="3" ci="0" mb="0" cb="0"/><line nr="204" mi="21" ci="0" mb="0" cb="0"/><line nr="205" mi="3" ci="2" mb="0" cb="0"/><line nr="206" mi="2" ci="0" mb="0" cb="0"/><line nr="207" mi="0" ci="1" mb="0" cb="0"/><line nr="212" mi="0" ci="2" mb="0" cb="0"/><line nr="213" mi="0" ci="5" mb="0" cb="0"/><line nr="214" mi="0" ci="5" mb="0" cb="0"/><line nr="215" mi="0" ci="3" mb="0" cb="0"/><line nr="216" mi="1" ci="0" mb="0" cb="0"/><line nr="217" mi="7" ci="0" mb="0" cb="0"/><line nr="220" mi="1" ci="0" mb="0" cb="0"/><line nr="221" mi="6" ci="3" mb="0" cb="0"/><line nr="222" mi="3" ci="0" mb="0" cb="0"/><line nr="223" mi="21" ci="0" mb="0" cb="0"/><line nr="224" mi="4" ci="1" mb="0" cb="0"/><line nr="225" mi="2" ci="0" mb="0" cb="0"/><line nr="226" mi="0" ci="1" mb="0" cb="0"/><line nr="231" mi="0" ci="2" mb="0" cb="0"/><line nr="232" mi="0" ci="5" mb="0" cb="0"/><line nr="233" mi="0" ci="5" mb="0" cb="0"/><line nr="234" mi="0" ci="5" mb="0" cb="0"/><line nr="235" mi="0" ci="5" mb="0" cb="0"/><line nr="236" mi="0" ci="5" mb="0" cb="0"/><line nr="237" mi="0" ci="3" mb="0" cb="0"/><line nr="238" mi="1" ci="0" mb="0" cb="0"/><line nr="239" mi="7" ci="0" mb="0" cb="0"/><line nr="242" mi="1" ci="0" mb="0" cb="0"/><line nr="243" mi="6" ci="3" mb="0" cb="0"/><line nr="244" mi="3" ci="0" mb="0" cb="0"/><line nr="245" mi="21" ci="0" mb="0" cb="0"/><line nr="246" mi="4" ci="1" mb="0" cb="0"/><line nr="247" mi="2" ci="0" mb="0" cb="0"/><line nr="248" mi="0" ci="1" mb="0" cb="0"/><line nr="253" mi="0" ci="2" mb="0" cb="0"/><line nr="254" mi="0" ci="5" mb="0" cb="0"/><line nr="255" mi="0" ci="5" mb="0" cb="0"/><line nr="256" mi="0" ci="4" mb="0" cb="0"/><line nr="257" mi="0" ci="3" mb="0" cb="0"/><line nr="258" mi="6" ci="2" mb="2" cb="0"/><line nr="259" mi="8" ci="0" mb="0" cb="0"/><line nr="260" mi="4" ci="0" mb="0" cb="0"/><line nr="261" mi="3" ci="0" mb="0" cb="0"/><line nr="263" mi="0" ci="1" mb="0" cb="0"/><line nr="264" mi="0" ci="7" mb="0" cb="0"/><line nr="267" mi="0" ci="1" mb="0" cb="0"/><line nr="268" mi="3" ci="6" mb="0" cb="0"/><line nr="269" mi="3" ci="0" mb="0" cb="0"/><line nr="270" mi="21" ci="0" mb="0" cb="0"/><line nr="271" mi="1" ci="4" mb="0" cb="0"/><line nr="272" mi="2" ci="0" mb="0" cb="0"/><line nr="273" mi="0" ci="1" mb="0" cb="0"/><line nr="277" mi="0" ci="4" mb="0" cb="0"/><line nr="279" mi="0" ci="2" mb="0" cb="0"/><line nr="280" mi="0" ci="5" mb="0" cb="0"/><line nr="281" mi="0" ci="4" mb="0" cb="0"/><line nr="282" mi="0" ci="3" mb="0" cb="0"/><line nr="283" mi="0" ci="3" mb="0" cb="2"/><line nr="284" mi="0" ci="10" mb="0" cb="0"/><line nr="286" mi="1" ci="0" mb="0" cb="0"/><line nr="287" mi="7" ci="0" mb="0" cb="0"/><line nr="290" mi="1" ci="0" mb="0" cb="0"/><line nr="291" mi="6" ci="3" mb="0" cb="0"/><line nr="292" mi="3" ci="0" mb="0" cb="0"/><line nr="293" mi="21" ci="0" mb="0" cb="0"/><line nr="294" mi="4" ci="1" mb="0" cb="0"/><line nr="295" mi="2" ci="0" mb="0" cb="0"/><line nr="296" mi="0" ci="2" mb="0" cb="0"/><line nr="300" mi="0" ci="4" mb="0" cb="0"/><line nr="301" mi="0" ci="5" mb="0" cb="0"/><line nr="302" mi="0" ci="7" mb="0" cb="0"/><line nr="308" mi="0" ci="2" mb="0" cb="0"/><line nr="309" mi="0" ci="5" mb="0" cb="0"/><line nr="310" mi="0" ci="5" mb="0" cb="0"/><line nr="311" mi="0" ci="5" mb="0" cb="0"/><line nr="312" mi="0" ci="5" mb="0" cb="0"/><line nr="313" mi="0" ci="3" mb="0" cb="0"/><line nr="314" mi="1" ci="0" mb="0" cb="0"/><line nr="315" mi="7" ci="0" mb="0" cb="0"/><line nr="318" mi="1" ci="0" mb="0" cb="0"/><line nr="319" mi="6" ci="3" mb="0" cb="0"/><line nr="320" mi="3" ci="0" mb="0" cb="0"/><line nr="321" mi="21" ci="0" mb="0" cb="0"/><line nr="322" mi="4" ci="1" mb="0" cb="0"/><line nr="323" mi="2" ci="0" mb="0" cb="0"/><line nr="324" mi="0" ci="1" mb="0" cb="0"/><line nr="328" mi="0" ci="4" mb="0" cb="0"/><line nr="330" mi="0" ci="2" mb="0" cb="0"/><line nr="331" mi="0" ci="5" mb="0" cb="0"/><line nr="332" mi="0" ci="5" mb="0" cb="0"/><line nr="333" mi="0" ci="3" mb="0" cb="0"/><line nr="334" mi="0" ci="3" mb="0" cb="2"/><line nr="335" mi="0" ci="4" mb="0" cb="0"/><line nr="336" mi="0" ci="4" mb="0" cb="0"/><line nr="337" mi="0" ci="4" mb="0" cb="0"/><line nr="338" mi="0" ci="4" mb="0" cb="0"/><line nr="339" mi="0" ci="4" mb="0" cb="0"/><line nr="340" mi="0" ci="4" mb="0" cb="2"/><line nr="341" mi="0" ci="11" mb="0" cb="0"/><line nr="342" mi="0" ci="4" mb="0" cb="0"/><line nr="343" mi="0" ci="1" mb="0" cb="0"/><line nr="344" mi="0" ci="4" mb="0" cb="2"/><line nr="345" mi="0" ci="11" mb="0" cb="0"/><line nr="346" mi="0" ci="4" mb="0" cb="0"/><line nr="347" mi="0" ci="1" mb="0" cb="0"/><line nr="348" mi="0" ci="4" mb="1" cb="1"/><line nr="349" mi="0" ci="11" mb="0" cb="0"/><line nr="350" mi="0" ci="4" mb="0" cb="0"/><line nr="355" mi="0" ci="1" mb="0" cb="0"/><line nr="356" mi="1" ci="0" mb="0" cb="0"/><line nr="357" mi="7" ci="0" mb="0" cb="0"/><line nr="360" mi="1" ci="0" mb="0" cb="0"/><line nr="361" mi="6" ci="3" mb="0" cb="0"/><line nr="362" mi="3" ci="0" mb="0" cb="0"/><line nr="363" mi="21" ci="0" mb="0" cb="0"/><line nr="364" mi="4" ci="1" mb="0" cb="0"/><line nr="365" mi="2" ci="0" mb="0" cb="0"/><line nr="366" mi="0" ci="2" mb="0" cb="0"/><line nr="372" mi="0" ci="2" mb="0" cb="0"/><line nr="373" mi="0" ci="5" mb="0" cb="0"/><line nr="374" mi="0" ci="6" mb="0" cb="0"/><line nr="375" mi="0" ci="5" mb="0" cb="0"/><line nr="376" mi="0" ci="5" mb="0" cb="0"/><line nr="377" mi="0" ci="3" mb="0" cb="0"/><line nr="378" mi="1" ci="0" mb="0" cb="0"/><line nr="379" mi="7" ci="0" mb="0" cb="0"/><line nr="380" mi="0" ci="1" mb="0" cb="0"/><line nr="382" mi="0" ci="1" mb="0" cb="0"/><line nr="387" mi="0" ci="2" mb="0" cb="0"/><line nr="388" mi="0" ci="5" mb="0" cb="0"/><line nr="389" mi="0" ci="5" mb="0" cb="0"/><line nr="390" mi="0" ci="6" mb="0" cb="0"/><line nr="391" mi="0" ci="5" mb="0" cb="0"/><line nr="392" mi="0" ci="3" mb="0" cb="0"/><line nr="393" mi="1" ci="0" mb="0" cb="0"/><line nr="394" mi="7" ci="0" mb="0" cb="0"/><line nr="395" mi="0" ci="1" mb="0" cb="0"/><line nr="396" mi="0" ci="1" mb="0" cb="0"/><line nr="401" mi="0" ci="2" mb="0" cb="0"/><line nr="402" mi="0" ci="5" mb="0" cb="0"/><line nr="403" mi="0" ci="6" mb="0" cb="0"/><line nr="404" mi="0" ci="5" mb="0" cb="0"/><line nr="405" mi="0" ci="3" mb="0" cb="0"/><line nr="406" mi="0" ci="3" mb="0" cb="0"/><line nr="407" mi="1" ci="0" mb="0" cb="0"/><line nr="408" mi="7" ci="0" mb="0" cb="0"/><line nr="409" mi="0" ci="1" mb="0" cb="0"/><line nr="410" mi="0" ci="1" mb="0" cb="0"/><line nr="415" mi="0" ci="2" mb="0" cb="0"/><line nr="416" mi="0" ci="5" mb="0" cb="0"/><line nr="417" mi="0" ci="5" mb="0" cb="0"/><line nr="418" mi="0" ci="5" mb="0" cb="0"/><line nr="419" mi="0" ci="3" mb="0" cb="0"/><line nr="420" mi="1" ci="0" mb="0" cb="0"/><line nr="421" mi="7" ci="0" mb="0" cb="0"/><line nr="422" mi="0" ci="1" mb="0" cb="0"/><line nr="423" mi="0" ci="1" mb="0" cb="0"/><counter type="INSTRUCTION" missed="595" covered="716"/><counter type="BRANCH" missed="5" covered="17"/><counter type="LINE" missed="85" covered="195"/><counter type="COMPLEXITY" missed="4" covered="27"/><counter type="METHOD" missed="0" covered="20"/><counter type="CLASS" missed="0" covered="1"/></sourcefile><sourcefile name="DatabaseServer.java"><line nr="18" mi="2" ci="0" mb="0" cb="0"/><line nr="19" mi="3" ci="0" mb="0" cb="0"/><line nr="20" mi="3" ci="0" mb="0" cb="0"/><line nr="22" mi="6" ci="0" mb="0" cb="0"/><line nr="25" mi="2" ci="0" mb="0" cb="0"/><line nr="26" mi="1" ci="0" mb="0" cb="0"/><line nr="31" mi="5" ci="0" mb="0" cb="0"/><line nr="33" mi="1" ci="0" mb="0" cb="0"/><line nr="34" mi="5" ci="0" mb="0" cb="0"/><line nr="35" mi="1" ci="0" mb="0" cb="0"/><line nr="36" mi="7" ci="0" mb="0" cb="0"/><line nr="37" mi="3" ci="0" mb="0" cb="0"/><line nr="38" mi="1" ci="0" mb="0" cb="0"/><counter type="INSTRUCTION" missed="40" covered="0"/><counter type="LINE" missed="13" covered="0"/><counter type="COMPLEXITY" missed="3" covered="0"/><counter type="METHOD" missed="3" covered="0"/><counter type="CLASS" missed="1" covered="0"/></sourcefile><counter type="INSTRUCTION" missed="635" covered="716"/><counter type="BRANCH" missed="5" covered="17"/><counter type="LINE" missed="98" covered="195"/><counter type="COMPLEXITY" missed="7" covered="27"/><counter type="METHOD" missed="3" covered="20"/><counter type="CLASS" missed="1" covered="1"/></package><package name="Models"><class name="Models/User"><method name="&lt;init&gt;" desc="(Ljava/lang/String;Ljava/util/ArrayList;LModels/Status;)V" line="20"><counter type="INSTRUCTION" missed="0" covered="12"/><counter type="LINE" missed="0" covered="5"/><counter type="COMPLEXITY" missed="0" covered="1"/><counter type="METHOD" missed="0" covered="1"/></method><method name="&lt;init&gt;" desc="(Ljava/lang/String;)V" line="26"><counter type="INSTRUCTION" missed="0" covered="6"/><counter type="LINE" missed="0" covered="3"/><counter type="COMPLEXITY" missed="0" covered="1"/><counter type="METHOD" missed="0" covered="1"/></method><method name="getStatus" desc="()LModels/Status;" line="31"><counter type="INSTRUCTION" missed="0" covered="3"/><counter type="LINE" missed="0" covered="1"/><counter type="COMPLEXITY" missed="0" covered="1"/><counter type="METHOD" missed="0" covered="1"/></method><method name="SetStatus" desc="(LModels/Status;)V" line="35"><counter type="INSTRUCTION" missed="0" covered="4"/><counter type="LINE" missed="0" covered="2"/><counter type="COMPLEXITY" missed="0" covered="1"/><counter type="METHOD" missed="0" covered="1"/></method><method name="getFriends" desc="()Ljava/util/ArrayList;" line="39"><counter type="INSTRUCTION" missed="0" covered="3"/><counter type="LINE" missed="0" covered="1"/><counter type="COMPLEXITY" missed="0" covered="1"/><counter type="METHOD" missed="0" covered="1"/></method><method name="setFriends" desc="(Ljava/util/ArrayList;)V" line="43"><counter type="INSTRUCTION" missed="4" covered="0"/><counter type="LINE" missed="2" covered="0"/><counter type="COMPLEXITY" missed="1" covered="0"/><counter type="METHOD" missed="1" covered="0"/></method><method name="getName" desc="()Ljava/lang/String;" line="47"><counter type="INSTRUCTION" missed="0" covered="3"/><counter type="LINE" missed="0" covered="1"/><counter type="COMPLEXITY" missed="0" covered="1"/><counter type="METHOD" missed="0" covered="1"/></method><method name="toString" desc="()Ljava/lang/String;" line="52"><counter type="INSTRUCTION" missed="3" covered="0"/><counter type="LINE" missed="1" covered="0"/><counter type="COMPLEXITY" missed="1" covered="0"/><counter type="METHOD" missed="1" covered="0"/></method><counter type="INSTRUCTION" missed="7" covered="31"/><counter type="LINE" missed="3" covered="13"/><counter type="COMPLEXITY" missed="2" covered="6"/><counter type="METHOD" missed="2" covered="6"/><counter type="CLASS" missed="0" covered="1"/></class><class name="Models/ChatMessage"><method name="&lt;init&gt;" desc="(Ljava/lang/String;LModels/User;Ljava/lang/String;)V" line="21"><counter type="INSTRUCTION" missed="0" covered="12"/><counter type="LINE" missed="0" covered="5"/><counter type="COMPLEXITY" missed="0" covered="1"/><counter type="METHOD" missed="0" covered="1"/></method><method name="&lt;init&gt;" desc="(ILjava/lang/String;LModels/User;Ljava/lang/String;)V" line="27"><counter type="INSTRUCTION" missed="0" covered="12"/><counter type="LINE" missed="0" covered="5"/><counter type="COMPLEXITY" missed="0" covered="1"/><counter type="METHOD" missed="0" covered="1"/></method><method name="getSender" desc="()LModels/User;" line="35"><counter type="INSTRUCTION" missed="0" covered="3"/><counter type="LINE" missed="0" covered="1"/><counter type="COMPLEXITY" missed="0" covered="1"/><counter type="METHOD" missed="0" covered="1"/></method><method name="GetReciever" desc="()Ljava/lang/String;" line="40"><counter type="INSTRUCTION" missed="0" covered="3"/><counter type="LINE" missed="0" covered="1"/><counter type="COMPLEXITY" missed="0" covered="1"/><counter type="METHOD" missed="0" covered="1"/></method><method name="getText" desc="()Ljava/lang/String;" line="45"><counter type="INSTRUCTION" missed="0" covered="3"/><counter type="LINE" missed="0" covered="1"/><counter type="COMPLEXITY" missed="0" covered="1"/><counter type="METHOD" missed="0" covered="1"/></method><method name="getID" desc="()I" line="50"><counter type="INSTRUCTION" missed="0" covered="3"/><counter type="LINE" missed="0" covered="1"/><counter type="COMPLEXITY" missed="0" covered="1"/><counter type="METHOD" missed="0" covered="1"/></method><method name="getSendername" desc="()Ljava/lang/String;" line="55"><counter type="INSTRUCTION" missed="0" covered="4"/><counter type="LINE" missed="0" covered="1"/><counter type="COMPLEXITY" missed="0" covered="1"/><counter type="METHOD" missed="0" covered="1"/></method><counter type="INSTRUCTION" missed="0" covered="40"/><counter type="LINE" missed="0" covered="15"/><counter type="COMPLEXITY" missed="0" covered="7"/><counter type="METHOD" missed="0" covered="7"/><counter type="CLASS" missed="0" covered="1"/></class><class name="Models/ChatRMIController"><method name="&lt;init&gt;" desc="(Lkiller_app/ChatController;Ljava/lang/String;)V" line="29"><counter type="INSTRUCTION" missed="61" covered="0"/><counter type="LINE" missed="13" covered="0"/><counter type="COMPLEXITY" missed="1" covered="0"/><counter type="METHOD" missed="1" covered="0"/></method><method name="SendMessage" desc="(LModels/ChatMessage;)V" line="45"><counter type="INSTRUCTION" missed="28" covered="0"/><counter type="LINE" missed="6" covered="0"/><counter type="COMPLEXITY" missed="1" covered="0"/><counter type="METHOD" missed="1" covered="0"/></method><method name="PropertyChange" desc="(Ljava/beans/PropertyChangeEvent;)V" line="55"><counter type="INSTRUCTION" missed="5" covered="0"/><counter type="LINE" missed="2" covered="0"/><counter type="COMPLEXITY" missed="1" covered="0"/><counter type="METHOD" missed="1" covered="0"/></method><method name="GetChat" desc="(Ljava/lang/String;)V" line="59"><counter type="INSTRUCTION" missed="6" covered="0"/><counter type="LINE" missed="2" covered="0"/><counter type="COMPLEXITY" missed="1" covered="0"/><counter type="METHOD" missed="1" covered="0"/></method><method name="AddToChat" desc="(LModels/GroupInvitation;)V" line="63"><counter type="INSTRUCTION" missed="5" covered="0"/><counter type="LINE" missed="2" covered="0"/><counter type="COMPLEXITY" missed="1" covered="0"/><counter type="METHOD" missed="1" covered="0"/></method><method name="RemoveUserFromChat" desc="(LModels/User;LModels/Chat;)V" line="67"><counter type="INSTRUCTION" missed="6" covered="0"/><counter type="LINE" missed="2" covered="0"/><counter type="COMPLEXITY" missed="1" covered="0"/><counter type="METHOD" missed="1" covered="0"/></method><method name="UnsubscribeListener" desc="(Ljava/lang/String;)V" line="72"><counter type="INSTRUCTION" missed="15" covered="0"/><counter type="LINE" missed="5" covered="0"/><counter type="COMPLEXITY" missed="1" covered="0"/><counter type="METHOD" missed="1" covered="0"/></method><counter type="INSTRUCTION" missed="126" covered="0"/><counter type="LINE" missed="32" covered="0"/><counter type="COMPLEXITY" missed="7" covered="0"/><counter type="METHOD" missed="7" covered="0"/><counter type="CLASS" missed="1" covered="0"/></class><class name="Models/GroupInvitation"><method name="&lt;init&gt;" desc="(ILModels/User;LModels/User;Ljava/lang/String;)V" line="17"><counter type="INSTRUCTION" missed="0" covered="15"/><counter type="LINE" missed="0" covered="6"/><counter type="COMPLEXITY" missed="0" covered="1"/><counter type="METHOD" missed="0" covered="1"/></method><method name="&lt;init&gt;" desc="(LModels/User;LModels/User;Ljava/lang/String;)V" line="24"><counter type="INSTRUCTION" missed="0" covered="12"/><counter type="LINE" missed="0" covered="5"/><counter type="COMPLEXITY" missed="0" covered="1"/><counter type="METHOD" missed="0" covered="1"/></method><method name="GetReciever" desc="()LModels/User;" line="31"><counter type="INSTRUCTION" missed="0" covered="3"/><counter type="LINE" missed="0" covered="1"/><counter type="COMPLEXITY" missed="0" covered="1"/><counter type="METHOD" missed="0" covered="1"/></method><method name="getText" desc="()Ljava/lang/String;" line="35"><counter type="INSTRUCTION" missed="0" covered="3"/><counter type="LINE" missed="0" covered="1"/><counter type="COMPLEXITY" missed="0" covered="1"/><counter type="METHOD" missed="0" covered="1"/></method><method name="getID" desc="()I" line="39"><counter type="INSTRUCTION" missed="0" covered="3"/><counter type="LINE" missed="0" covered="1"/><counter type="COMPLEXITY" missed="0" covered="1"/><counter type="METHOD" missed="0" covered="1"/></method><method name="getSender" desc="()LModels/User;" line="43"><counter type="INSTRUCTION" missed="0" covered="3"/><counter type="LINE" missed="0" covered="1"/><counter type="COMPLEXITY" missed="0" covered="1"/><counter type="METHOD" missed="0" covered="1"/></method><method name="getSendername" desc="()Ljava/lang/String;" line="47"><counter type="INSTRUCTION" missed="0" covered="4"/><counter type="LINE" missed="0" covered="1"/><counter type="COMPLEXITY" missed="0" covered="1"/><counter type="METHOD" missed="0" covered="1"/></method><counter type="INSTRUCTION" missed="0" covered="43"/><counter type="LINE" missed="0" covered="16"/><counter type="COMPLEXITY" missed="0" covered="7"/><counter type="METHOD" missed="0" covered="7"/><counter type="CLASS" missed="0" covered="1"/></class><class name="Models/Status"><method name="values" desc="()[LModels/Status;" line="12"><counter type="INSTRUCTION" missed="4" covered="0"/><counter type="LINE" missed="1" covered="0"/><counter type="COMPLEXITY" missed="1" covered="0"/><counter type="METHOD" missed="1" covered="0"/></method><method name="valueOf" desc="(Ljava/lang/String;)LModels/Status;" line="12"><counter type="INSTRUCTION" missed="5" covered="0"/><counter type="LINE" missed="1" covered="0"/><counter type="COMPLEXITY" missed="1" covered="0"/><counter type="METHOD" missed="1" covered="0"/></method><method name="&lt;init&gt;" desc="(Ljava/lang/String;I)V" line="12"><counter type="INSTRUCTION" missed="0" covered="5"/><counter type="LINE" missed="0" covered="1"/><counter type="COMPLEXITY" missed="0" covered="1"/><counter type="METHOD" missed="0" covered="1"/></method><method name="&lt;clinit&gt;" desc="()V" line="12"><counter type="INSTRUCTION" missed="0" covered="54"/><counter type="LINE" missed="0" covered="6"/><counter type="COMPLEXITY" missed="0" covered="1"/><counter type="METHOD" missed="0" covered="1"/></method><counter type="INSTRUCTION" missed="9" covered="59"/><counter type="LINE" missed="0" covered="6"/><counter type="COMPLEXITY" missed="2" covered="2"/><counter type="METHOD" missed="2" covered="2"/><counter type="CLASS" missed="0" covered="1"/></class><class name="Models/Chat"><method name="&lt;init&gt;" desc="(Ljava/lang/String;Ljava/util/ArrayList;Ljava/util/ArrayList;)V" line="20"><counter type="INSTRUCTION" missed="0" covered="12"/><counter type="LINE" missed="0" covered="5"/><counter type="COMPLEXITY" missed="0" covered="1"/><counter type="METHOD" missed="0" covered="1"/></method><method name="GetUsers" desc="()Ljava/util/ArrayList;" line="27"><counter type="INSTRUCTION" missed="0" covered="3"/><counter type="LINE" missed="0" covered="1"/><counter type="COMPLEXITY" missed="0" covered="1"/><counter type="METHOD" missed="0" covered="1"/></method><method name="GetMessages" desc="()Ljava/util/ArrayList;" line="31"><counter type="INSTRUCTION" missed="0" covered="3"/><counter type="LINE" missed="0" covered="1"/><counter type="COMPLEXITY" missed="0" covered="1"/><counter type="METHOD" missed="0" covered="1"/></method><method name="GetName" desc="()Ljava/lang/String;" line="35"><counter type="INSTRUCTION" missed="0" covered="3"/><counter type="LINE" missed="0" covered="1"/><counter type="COMPLEXITY" missed="0" covered="1"/><counter type="METHOD" missed="0" covered="1"/></method><counter type="INSTRUCTION" missed="0" covered="21"/><counter type="LINE" missed="0" covered="8"/><counter type="COMPLEXITY" missed="0" covered="4"/><counter type="METHOD" missed="0" covered="4"/><counter type="CLASS" missed="0" covered="1"/></class><class name="Models/FriendsRMIController"><method name="&lt;init&gt;" desc="(Lkiller_app/FriendListController;)V" line="30"><counter type="INSTRUCTION" missed="43" covered="0"/><counter type="LINE" missed="12" covered="0"/><counter type="COMPLEXITY" missed="1" covered="0"/><counter type="METHOD" missed="1" covered="0"/></method><method name="PropertyChange" desc="(Ljava/beans/PropertyChangeEvent;)V" line="48"><counter type="INSTRUCTION" missed="5" covered="0"/><counter type="LINE" missed="2" covered="0"/><counter type="COMPLEXITY" missed="1" covered="0"/><counter type="METHOD" missed="1" covered="0"/></method><method name="SendFriendRequest" desc="(LModels/User;LModels/User;)V" line="53"><counter type="INSTRUCTION" missed="13" covered="0"/><counter type="LINE" missed="5" covered="0"/><counter type="COMPLEXITY" missed="1" covered="0"/><counter type="METHOD" missed="1" covered="0"/></method><method name="RemoveFriend" desc="(LModels/User;LModels/User;)V" line="61"><counter type="INSTRUCTION" missed="6" covered="0"/><counter type="LINE" missed="2" covered="0"/><counter type="COMPLEXITY" missed="1" covered="0"/><counter type="METHOD" missed="1" covered="0"/></method><method name="CreateGroupChat" desc="(Ljava/util/ArrayList;Ljava/lang/String;)V" line="65"><counter type="INSTRUCTION" missed="6" covered="0"/><counter type="LINE" missed="2" covered="0"/><counter type="COMPLEXITY" missed="1" covered="0"/><counter type="METHOD" missed="1" covered="0"/></method><method name="SetUserStatus" desc="(LModels/User;)V" line="70"><counter type="INSTRUCTION" missed="20" covered="0"/><counter type="LINE" missed="6" covered="0"/><counter type="COMPLEXITY" missed="1" covered="0"/><counter type="METHOD" missed="1" covered="0"/></method><method name="UnsubscribeListener" desc="()V" line="79"><counter type="INSTRUCTION" missed="15" covered="0"/><counter type="LINE" missed="5" covered="0"/><counter type="COMPLEXITY" missed="1" covered="0"/><counter type="METHOD" missed="1" covered="0"/></method><method name="GetFriendsStatus" desc="(LModels/User;)Ljava/util/ArrayList;" line="87"><counter type="INSTRUCTION" missed="20" covered="0"/><counter type="LINE" missed="5" covered="0"/><counter type="COMPLEXITY" missed="1" covered="0"/><counter type="METHOD" missed="1" covered="0"/></method><counter type="INSTRUCTION" missed="128" covered="0"/><counter type="LINE" missed="39" covered="0"/><counter type="COMPLEXITY" missed="8" covered="0"/><counter type="METHOD" missed="8" covered="0"/><counter type="CLASS" missed="1" covered="0"/></class><class name="Models/Publisher"><method name="&lt;init&gt;" desc="()V" line="28"><counter type="INSTRUCTION" missed="5" covered="0"/><counter type="LINE" missed="2" covered="0"/><counter type="COMPLEXITY" missed="1" covered="0"/><counter type="METHOD" missed="1" covered="0"/></method><method name="&lt;init&gt;" desc="([Ljava/lang/String;)V" line="24"><counter type="INSTRUCTION" missed="40" covered="0"/><counter type="BRANCH" missed="2" covered="0"/><counter type="LINE" missed="7" covered="0"/><counter type="COMPLEXITY" missed="2" covered="0"/><counter type="METHOD" missed="1" covered="0"/></method><method name="SubscribeListener" desc="(LModels/IListener;Ljava/lang/String;)V" line="43"><counter type="INSTRUCTION" missed="14" covered="0"/><counter type="BRANCH" missed="2" covered="0"/><counter type="LINE" missed="3" covered="0"/><counter type="COMPLEXITY" missed="2" covered="0"/><counter type="METHOD" missed="1" covered="0"/></method><method name="UnsubscribeListener" desc="(LModels/IListener;Ljava/lang/String;)V" line="50"><counter type="INSTRUCTION" missed="14" covered="0"/><counter type="BRANCH" missed="2" covered="0"/><counter type="LINE" missed="3" covered="0"/><counter type="COMPLEXITY" missed="2" covered="0"/><counter type="METHOD" missed="1" covered="0"/></method><method name="Inform" desc="(Ljava/lang/String;Ljava/lang/Object;Ljava/lang/Object;)V" line="57"><counter type="INSTRUCTION" missed="49" covered="0"/><counter type="BRANCH" missed="4" covered="0"/><counter type="LINE" missed="11" covered="0"/><counter type="COMPLEXITY" missed="3" covered="0"/><counter type="METHOD" missed="1" covered="0"/></method><method name="RegisterProperty" desc="(Ljava/lang/String;)V" line="73"><counter type="INSTRUCTION" missed="14" covered="0"/><counter type="BRANCH" missed="2" covered="0"/><counter type="LINE" missed="3" covered="0"/><counter type="COMPLEXITY" missed="2" covered="0"/><counter type="METHOD" missed="1" covered="0"/></method><method name="UnregisterProperty" desc="(Ljava/lang/String;)V" line="80"><counter type="INSTRUCTION" missed="11" covered="0"/><counter type="BRANCH" missed="2" covered="0"/><counter type="LINE" missed="3" covered="0"/><counter type="COMPLEXITY" missed="2" covered="0"/><counter type="METHOD" missed="1" covered="0"/></method><method name="CheckPropertyExists" desc="(Ljava/lang/String;)Ljava/lang/Boolean;" line="86"><counter type="INSTRUCTION" missed="6" covered="0"/><counter type="LINE" missed="1" covered="0"/><counter type="COMPLEXITY" missed="1" covered="0"/><counter type="METHOD" missed="1" covered="0"/></method><method name="setUserStatus" desc="(LModels/User;)V" line="91"><counter type="INSTRUCTION" missed="24" covered="0"/><counter type="BRANCH" missed="2" covered="0"/><counter type="LINE" missed="4" covered="0"/><counter type="COMPLEXITY" missed="2" covered="0"/><counter type="METHOD" missed="1" covered="0"/></method><method name="getFriendsStatus" desc="(Ljava/util/ArrayList;)Ljava/util/ArrayList;" line="101"><counter type="INSTRUCTION" missed="27" covered="0"/><counter type="BRANCH" missed="4" covered="0"/><counter type="LINE" missed="6" covered="0"/><counter type="COMPLEXITY" missed="3" covered="0"/><counter type="METHOD" missed="1" covered="0"/></method><counter type="INSTRUCTION" missed="204" covered="0"/><counter type="BRANCH" missed="20" covered="0"/><counter type="LINE" missed="43" covered="0"/><counter type="COMPLEXITY" missed="20" covered="0"/><counter type="METHOD" missed="10" covered="0"/><counter type="CLASS" missed="1" covered="0"/></class><class name="Models/Message"><method name="&lt;init&gt;" desc="()V" line="12"><counter type="INSTRUCTION" missed="0" covered="3"/><counter type="LINE" missed="0" covered="1"/><counter type="COMPLEXITY" missed="0" covered="1"/><counter type="METHOD" missed="0" covered="1"/></method><counter type="INSTRUCTION" missed="0" covered="3"/><counter type="LINE" missed="0" covered="1"/><counter type="COMPLEXITY" missed="0" covered="1"/><counter type="METHOD" missed="0" covered="1"/><counter type="CLASS" missed="0" covered="1"/></class><class name="Models/PrivateMessage"><method name="&lt;init&gt;" desc="(ILModels/User;LModels/User;Ljava/lang/String;)V" line="17"><counter type="INSTRUCTION" missed="0" covered="15"/><counter type="LINE" missed="0" covered="6"/><counter type="COMPLEXITY" missed="0" covered="1"/><counter type="METHOD" missed="0" covered="1"/></method><method name="&lt;init&gt;" desc="(LModels/User;LModels/User;Ljava/lang/String;)V" line="24"><counter type="INSTRUCTION" missed="0" covered="12"/><counter type="LINE" missed="0" covered="5"/><counter type="COMPLEXITY" missed="0" covered="1"/><counter type="METHOD" missed="0" covered="1"/></method><method name="getSender" desc="()LModels/User;" line="32"><counter type="INSTRUCTION" missed="0" covered="3"/><counter type="LINE" missed="0" covered="1"/><counter type="COMPLEXITY" missed="0" covered="1"/><counter type="METHOD" missed="0" covered="1"/></method><method name="getText" desc="()Ljava/lang/String;" line="37"><counter type="INSTRUCTION" missed="0" covered="3"/><counter type="LINE" missed="0" covered="1"/><counter type="COMPLEXITY" missed="0" covered="1"/><counter type="METHOD" missed="0" covered="1"/></method><method name="getID" desc="()I" line="42"><counter type="INSTRUCTION" missed="0" covered="3"/><counter type="LINE" missed="0" covered="1"/><counter type="COMPLEXITY" missed="0" covered="1"/><counter type="METHOD" missed="0" covered="1"/></method><method name="getSendername" desc="()Ljava/lang/String;" line="47"><counter type="INSTRUCTION" missed="0" covered="4"/><counter type="LINE" missed="0" covered="1"/><counter type="COMPLEXITY" missed="0" covered="1"/><counter type="METHOD" missed="0" covered="1"/></method><method name="getReciever" desc="()LModels/User;" line="51"><counter type="INSTRUCTION" missed="0" covered="3"/><counter type="LINE" missed="0" covered="1"/><counter type="COMPLEXITY" missed="0" covered="1"/><counter type="METHOD" missed="0" covered="1"/></method><counter type="INSTRUCTION" missed="0" covered="43"/><counter type="LINE" missed="0" covered="16"/><counter type="COMPLEXITY" missed="0" covered="7"/><counter type="METHOD" missed="0" covered="7"/><counter type="CLASS" missed="0" covered="1"/></class><class name="Models/FriendRequest"><method name="&lt;init&gt;" desc="(ILModels/User;LModels/User;Ljava/lang/String;)V" line="17"><counter type="INSTRUCTION" missed="0" covered="15"/><counter type="LINE" missed="0" covered="6"/><counter type="COMPLEXITY" missed="0" covered="1"/><counter type="METHOD" missed="0" covered="1"/></method><method name="&lt;init&gt;" desc="(LModels/User;LModels/User;Ljava/lang/String;)V" line="24"><counter type="INSTRUCTION" missed="0" covered="12"/><counter type="LINE" missed="0" covered="5"/><counter type="COMPLEXITY" missed="0" covered="1"/><counter type="METHOD" missed="0" covered="1"/></method><method name="getSender" desc="()LModels/User;" line="33"><counter type="INSTRUCTION" missed="0" covered="3"/><counter type="LINE" missed="0" covered="1"/><counter type="COMPLEXITY" missed="0" covered="1"/><counter type="METHOD" missed="0" covered="1"/></method><method name="GetReciever" desc="()LModels/User;" line="38"><counter type="INSTRUCTION" missed="0" covered="3"/><counter type="LINE" missed="0" covered="1"/><counter type="COMPLEXITY" missed="0" covered="1"/><counter type="METHOD" missed="0" covered="1"/></method><method name="getText" desc="()Ljava/lang/String;" line="43"><counter type="INSTRUCTION" missed="0" covered="3"/><counter type="LINE" missed="0" covered="1"/><counter type="COMPLEXITY" missed="0" covered="1"/><counter type="METHOD" missed="0" covered="1"/></method><method name="getID" desc="()I" line="48"><counter type="INSTRUCTION" missed="0" covered="3"/><counter type="LINE" missed="0" covered="1"/><counter type="COMPLEXITY" missed="0" covered="1"/><counter type="METHOD" missed="0" covered="1"/></method><method name="getSendername" desc="()Ljava/lang/String;" line="53"><counter type="INSTRUCTION" missed="0" covered="4"/><counter type="LINE" missed="0" covered="1"/><counter type="COMPLEXITY" missed="0" covered="1"/><counter type="METHOD" missed="0" covered="1"/></method><counter type="INSTRUCTION" missed="0" covered="43"/><counter type="LINE" missed="0" covered="16"/><counter type="COMPLEXITY" missed="0" covered="7"/><counter type="METHOD" missed="0" covered="7"/><counter type="CLASS" missed="0" covered="1"/></class><class name="Models/ChatInfo"><method name="&lt;init&gt;" desc="(Ljava/lang/String;II)V" line="20"><counter type="INSTRUCTION" missed="0" covered="21"/><counter type="LINE" missed="0" covered="5"/><counter type="COMPLEXITY" missed="0" covered="1"/><counter type="METHOD" missed="0" covered="1"/></method><method name="getName" desc="()Ljava/lang/String;" line="27"><counter type="INSTRUCTION" missed="0" covered="4"/><counter type="LINE" missed="0" covered="1"/><counter type="COMPLEXITY" missed="0" covered="1"/><counter type="METHOD" missed="0" covered="1"/></method><method name="getNumberOfMembers" desc="()I" line="31"><counter type="INSTRUCTION" missed="0" covered="4"/><counter type="LINE" missed="0" covered="1"/><counter type="COMPLEXITY" missed="0" covered="1"/><counter type="METHOD" missed="0" covered="1"/></method><method name="getNewMessages" desc="()I" line="35"><counter type="INSTRUCTION" missed="0" covered="4"/><counter type="LINE" missed="0" covered="1"/><counter type="COMPLEXITY" missed="0" covered="1"/><counter type="METHOD" missed="0" covered="1"/></method><method name="setName" desc="(Ljava/lang/String;)V" line="39"><counter type="INSTRUCTION" missed="0" covered="5"/><counter type="LINE" missed="0" covered="2"/><counter type="COMPLEXITY" missed="0" covered="1"/><counter type="METHOD" missed="0" covered="1"/></method><method name="setNumberOfMembers" desc="(I)V" line="43"><counter type="INSTRUCTION" missed="0" covered="5"/><counter type="LINE" missed="0" covered="2"/><counter type="COMPLEXITY" missed="0" covered="1"/><counter type="METHOD" missed="0" covered="1"/></method><method name="setNewMessages" desc="(I)V" line="47"><counter type="INSTRUCTION" missed="0" covered="5"/><counter type="LINE" missed="0" covered="2"/><counter type="COMPLEXITY" missed="0" covered="1"/><counter type="METHOD" missed="0" covered="1"/></method><counter type="INSTRUCTION" missed="0" covered="48"/><counter type="LINE" missed="0" covered="14"/><counter type="COMPLEXITY" missed="0" covered="7"/><counter type="METHOD" missed="0" covered="7"/><counter type="CLASS" missed="0" covered="1"/></class><class name="Models/LoginController"><method name="&lt;init&gt;" desc="()V" line="23"><counter type="INSTRUCTION" missed="33" covered="0"/><counter type="LINE" missed="10" covered="0"/><counter type="COMPLEXITY" missed="1" covered="0"/><counter type="METHOD" missed="1" covered="0"/></method><method name="Login" desc="(Ljava/lang/String;Ljava/lang/String;)LModels/User;" line="38"><counter type="INSTRUCTION" missed="6" covered="0"/><counter type="LINE" missed="1" covered="0"/><counter type="COMPLEXITY" missed="1" covered="0"/><counter type="METHOD" missed="1" covered="0"/></method><counter type="INSTRUCTION" missed="39" covered="0"/><counter type="LINE" missed="11" covered="0"/><counter type="COMPLEXITY" missed="2" covered="0"/><counter type="METHOD" missed="2" covered="0"/><counter type="CLASS" missed="1" covered="0"/></class><class name="Models/OpenedMessageRMIController"><method name="&lt;init&gt;" desc="(Lkiller_app/OpenedMessageController;)V" line="25"><counter type="INSTRUCTION" missed="31" covered="0"/><counter type="LINE" missed="10" covered="0"/><counter type="COMPLEXITY" missed="1" covered="0"/><counter type="METHOD" missed="1" covered="0"/></method><method name="RemoveMessage" desc="(LModels/IMessage;)V" line="38"><counter type="INSTRUCTION" missed="5" covered="0"/><counter type="LINE" missed="2" covered="0"/><counter type="COMPLEXITY" missed="1" covered="0"/><counter type="METHOD" missed="1" covered="0"/></method><method name="AcceptGroupInvitation" desc="(LModels/GroupInvitation;)V" line="42"><counter type="INSTRUCTION" missed="5" covered="0"/><counter type="LINE" missed="2" covered="0"/><counter type="COMPLEXITY" missed="1" covered="0"/><counter type="METHOD" missed="1" covered="0"/></method><method name="AcceptFriendRequest" desc="(LModels/IMessage;LModels/User;)V" line="46"><counter type="INSTRUCTION" missed="6" covered="0"/><counter type="LINE" missed="2" covered="0"/><counter type="COMPLEXITY" missed="1" covered="0"/><counter type="METHOD" missed="1" covered="0"/></method><counter type="INSTRUCTION" missed="47" covered="0"/><counter type="LINE" missed="16" covered="0"/><counter type="COMPLEXITY" missed="4" covered="0"/><counter type="METHOD" missed="4" covered="0"/><counter type="CLASS" missed="1" covered="0"/></class><class name="Models/AlertRunnable"><method name="&lt;init&gt;" desc="(Ljava/lang/String;Ljava/lang/String;Ljavafx/scene/control/Alert$AlertType;)V" line="19"><counter type="INSTRUCTION" missed="12" covered="0"/><counter type="LINE" missed="5" covered="0"/><counter type="COMPLEXITY" missed="1" covered="0"/><counter type="METHOD" missed="1" covered="0"/></method><method name="run" desc="()V" line="29"><counter type="INSTRUCTION" missed="17" covered="0"/><counter type="LINE" missed="5" covered="0"/><counter type="COMPLEXITY" missed="1" covered="0"/><counter type="METHOD" missed="1" covered="0"/></method><counter type="INSTRUCTION" missed="29" covered="0"/><counter type="LINE" missed="10" covered="0"/><counter type="COMPLEXITY" missed="2" covered="0"/><counter type="METHOD" missed="2" covered="0"/><counter type="CLASS" missed="1" covered="0"/></class><class name="Models/MessagesRMIController"><method name="&lt;init&gt;" desc="(Lkiller_app/MessagesController;LModels/User;)V" line="30"><counter type="INSTRUCTION" missed="63" covered="0"/><counter type="LINE" missed="13" covered="0"/><counter type="COMPLEXITY" missed="1" covered="0"/><counter type="METHOD" missed="1" covered="0"/></method><method name="GetMessages" desc="(LModels/User;)Ljava/util/ArrayList;" line="46"><counter type="INSTRUCTION" missed="5" covered="0"/><counter type="LINE" missed="1" covered="0"/><counter type="COMPLEXITY" missed="1" covered="0"/><counter type="METHOD" missed="1" covered="0"/></method><method name="PropertyChange" desc="(Ljava/beans/PropertyChangeEvent;)V" line="51"><counter type="INSTRUCTION" missed="5" covered="0"/><counter type="LINE" missed="2" covered="0"/><counter type="COMPLEXITY" missed="1" covered="0"/><counter type="METHOD" missed="1" covered="0"/></method><method name="UnsubscribeListener" desc="(LModels/User;)V" line="56"><counter type="INSTRUCTION" missed="16" covered="0"/><counter type="LINE" missed="5" covered="0"/><counter type="COMPLEXITY" missed="1" covered="0"/><counter type="METHOD" missed="1" covered="0"/></method><method name="RemoveMessage" desc="(LModels/IMessage;)V" line="63"><counter type="INSTRUCTION" missed="5" covered="0"/><counter type="LINE" missed="2" covered="0"/><counter type="COMPLEXITY" missed="1" covered="0"/><counter type="METHOD" missed="1" covered="0"/></method><counter type="INSTRUCTION" missed="94" covered="0"/><counter type="LINE" missed="23" covered="0"/><counter type="COMPLEXITY" missed="5" covered="0"/><counter type="METHOD" missed="5" covered="0"/><counter type="CLASS" missed="1" covered="0"/></class><class name="Models/RegisterDatabaseController"><method name="&lt;init&gt;" desc="()V" line="24"><counter type="INSTRUCTION" missed="29" covered="0"/><counter type="LINE" missed="9" covered="0"/><counter type="COMPLEXITY" missed="1" covered="0"/><counter type="METHOD" missed="1" covered="0"/></method><method name="RegisterUser" desc="(Ljava/lang/String;Ljava/lang/String;Ljava/lang/String;)V" line="37"><counter type="INSTRUCTION" missed="13" covered="0"/><counter type="LINE" missed="5" covered="0"/><counter type="COMPLEXITY" missed="1" covered="0"/><counter type="METHOD" missed="1" covered="0"/></method><counter type="INSTRUCTION" missed="42" covered="0"/><counter type="LINE" missed="14" covered="0"/><counter type="COMPLEXITY" missed="2" covered="0"/><counter type="METHOD" missed="2" covered="0"/><counter type="CLASS" missed="1" covered="0"/></class><class name="Models/SendMessageRMIController"><method name="&lt;init&gt;" desc="(Lkiller_app/SendMessageController;)V" line="28"><counter type="INSTRUCTION" missed="38" covered="0"/><counter type="LINE" missed="11" covered="0"/><counter type="COMPLEXITY" missed="1" covered="0"/><counter type="METHOD" missed="1" covered="0"/></method><method name="SendMessage" desc="(LModels/PrivateMessage;)V" line="42"><counter type="INSTRUCTION" missed="29" covered="0"/><counter type="LINE" missed="6" covered="0"/><counter type="COMPLEXITY" missed="1" covered="0"/><counter type="METHOD" missed="1" covered="0"/></method><counter type="INSTRUCTION" missed="67" covered="0"/><counter type="LINE" missed="17" covered="0"/><counter type="COMPLEXITY" missed="2" covered="0"/><counter type="METHOD" missed="2" covered="0"/><counter type="CLASS" missed="1" covered="0"/></class><class name="Models/RMIMainScreenController"><method name="&lt;init&gt;" desc="(Lkiller_app/MainScreenController;LModels/User;)V" line="30"><counter type="INSTRUCTION" missed="48" covered="0"/><counter type="LINE" missed="13" covered="0"/><counter type="COMPLEXITY" missed="1" covered="0"/><counter type="METHOD" missed="1" covered="0"/></method><method name="PropertyChange" desc="(Ljava/beans/PropertyChangeEvent;)V" line="49"><counter type="INSTRUCTION" missed="9" covered="0"/><counter type="LINE" missed="3" covered="0"/><counter type="COMPLEXITY" missed="1" covered="0"/><counter type="METHOD" missed="1" covered="0"/></method><method name="GetChats" desc="(LModels/User;)Ljava/util/ArrayList;" line="54"><counter type="INSTRUCTION" missed="5" covered="0"/><counter type="LINE" missed="1" covered="0"/><counter type="COMPLEXITY" missed="1" covered="0"/><counter type="METHOD" missed="1" covered="0"/></method><method name="GetFriends" desc="(LModels/User;)Ljava/util/ArrayList;" line="58"><counter type="INSTRUCTION" missed="5" covered="0"/><counter type="LINE" missed="1" covered="0"/><counter type="COMPLEXITY" missed="1" covered="0"/><counter type="METHOD" missed="1" covered="0"/></method><method name="SubscribeToChat" desc="(LModels/ChatInfo;)V" line="63"><counter type="INSTRUCTION" missed="23" covered="0"/><counter type="LINE" missed="5" covered="0"/><counter type="COMPLEXITY" missed="1" covered="0"/><counter type="METHOD" missed="1" covered="0"/></method><method name="UnsubscribeToChat" desc="(LModels/ChatInfo;)V" line="71"><counter type="INSTRUCTION" missed="23" covered="0"/><counter type="LINE" missed="5" covered="0"/><counter type="COMPLEXITY" missed="1" covered="0"/><counter type="METHOD" missed="1" covered="0"/></method><method name="GetChat" desc="(Ljava/lang/String;)LModels/Chat;" line="78"><counter type="INSTRUCTION" missed="5" covered="0"/><counter type="LINE" missed="1" covered="0"/><counter type="COMPLEXITY" missed="1" covered="0"/><counter type="METHOD" missed="1" covered="0"/></method><method name="SetUserStatus" desc="(LModels/User;)V" line="83"><counter type="INSTRUCTION" missed="20" covered="0"/><counter type="LINE" missed="6" covered="0"/><counter type="COMPLEXITY" missed="1" covered="0"/><counter type="METHOD" missed="1" covered="0"/></method><counter type="INSTRUCTION" missed="138" covered="0"/><counter type="LINE" missed="35" covered="0"/><counter type="COMPLEXITY" missed="8" covered="0"/><counter type="METHOD" missed="8" covered="0"/><counter type="CLASS" missed="1" covered="0"/></class><class name="Models/PublisherController"><method name="&lt;init&gt;" desc="()V" line="17"><counter type="INSTRUCTION" missed="8" covered="0"/><counter type="LINE" missed="3" covered="0"/><counter type="COMPLEXITY" missed="1" covered="0"/><counter type="METHOD" missed="1" covered="0"/></method><method name="SubscribeListener" desc="(LModels/IListener;Ljava/lang/String;)V" line="26"><counter type="INSTRUCTION" missed="6" covered="0"/><counter type="LINE" missed="2" covered="0"/><counter type="COMPLEXITY" missed="1" covered="0"/><counter type="METHOD" missed="1" covered="0"/></method><method name="UnsubscribeListener" desc="(LModels/IListener;Ljava/lang/String;)V" line="31"><counter type="INSTRUCTION" missed="6" covered="0"/><counter type="LINE" missed="2" covered="0"/><counter type="COMPLEXITY" missed="1" covered="0"/><counter type="METHOD" missed="1" covered="0"/></method><method name="Inform" desc="(Ljava/lang/String;Ljava/lang/Object;Ljava/lang/Object;)V" line="36"><counter type="INSTRUCTION" missed="7" covered="0"/><counter type="LINE" missed="2" covered="0"/><counter type="COMPLEXITY" missed="1" covered="0"/><counter type="METHOD" missed="1" covered="0"/></method><method name="RegisterProperty" desc="(Ljava/lang/String;)V" line="41"><counter type="INSTRUCTION" missed="5" covered="0"/><counter type="LINE" missed="2" covered="0"/><counter type="COMPLEXITY" missed="1" covered="0"/><counter type="METHOD" missed="1" covered="0"/></method><method name="UnregisterProperty" desc="(Ljava/lang/String;)V" line="46"><counter type="INSTRUCTION" missed="5" covered="0"/><counter type="LINE" missed="2" covered="0"/><counter type="COMPLEXITY" missed="1" covered="0"/><counter type="METHOD" missed="1" covered="0"/></method><method name="setUserStatus" desc="(LModels/User;)V" line="51"><counter type="INSTRUCTION" missed="5" covered="0"/><counter type="LINE" missed="2" covered="0"/><counter type="COMPLEXITY" missed="1" covered="0"/><counter type="METHOD" missed="1" covered="0"/></method><method name="getFriendsStatus" desc="(Ljava/util/ArrayList;)Ljava/util/ArrayList;" line="56"><counter type="INSTRUCTION" missed="5" covered="0"/><counter type="LINE" missed="1" covered="0"/><counter type="COMPLEXITY" missed="1" covered="0"/><counter type="METHOD" missed="1" covered="0"/></method><counter type="INSTRUCTION" missed="47" covered="0"/><counter type="LINE" missed="16" covered="0"/><counter type="COMPLEXITY" missed="8" covered="0"/><counter type="METHOD" missed="8" covered="0"/><counter type="CLASS" missed="1" covered="0"/></class><sourcefile name="RMIMainScreenController.java"><line nr="30" mi="2" ci="0" mb="0" cb="0"/><line nr="32" mi="3" ci="0" mb="0" cb="0"/><line nr="33" mi="5" ci="0" mb="0" cb="0"/><line nr="34" mi="7" ci="0" mb="0" cb="0"/><line nr="35" mi="7" ci="0" mb="0" cb="0"/><line nr="36" mi="4" ci="0" mb="0" cb="0"/><line nr="37" mi="6" ci="0" mb="0" cb="0"/><line nr="38" mi="1" ci="0" mb="0" cb="0"/><line nr="39" mi="6" ci="0" mb="0" cb="0"/><line nr="40" mi="1" ci="0" mb="0" cb="0"/><line nr="41" mi="4" ci="0" mb="0" cb="0"/><line nr="42" mi="1" ci="0" mb="0" cb="0"/><line nr="43" mi="1" ci="0" mb="0" cb="0"/><line nr="49" mi="4" ci="0" mb="0" cb="0"/><line nr="50" mi="4" ci="0" mb="0" cb="0"/><line nr="51" mi="1" ci="0" mb="0" cb="0"/><line nr="54" mi="5" ci="0" mb="0" cb="0"/><line nr="58" mi="5" ci="0" mb="0" cb="0"/><line nr="63" mi="13" ci="0" mb="0" cb="0"/><line nr="64" mi="1" ci="0" mb="0" cb="0"/><line nr="65" mi="7" ci="0" mb="0" cb="0"/><line nr="66" mi="1" ci="0" mb="0" cb="0"/><line nr="67" mi="1" ci="0" mb="0" cb="0"/><line nr="71" mi="13" ci="0" mb="0" cb="0"/><line nr="72" mi="1" ci="0" mb="0" cb="0"/><line nr="73" mi="7" ci="0" mb="0" cb="0"/><line nr="74" mi="1" ci="0" mb="0" cb="0"/><line nr="75" mi="1" ci="0" mb="0" cb="0"/><line nr="78" mi="5" ci="0" mb="0" cb="0"/><line nr="83" mi="4" ci="0" mb="0" cb="0"/><line nr="84" mi="6" ci="0" mb="0" cb="0"/><line nr="85" mi="1" ci="0" mb="0" cb="0"/><line nr="86" mi="7" ci="0" mb="0" cb="0"/><line nr="87" mi="1" ci="0" mb="0" cb="0"/><line nr="88" mi="1" ci="0" mb="0" cb="0"/><counter type="INSTRUCTION" missed="138" covered="0"/><counter type="LINE" missed="35" covered="0"/><counter type="COMPLEXITY" missed="8" covered="0"/><counter type="METHOD" missed="8" covered="0"/><counter type="CLASS" missed="1" covered="0"/></sourcefile><sourcefile name="GroupInvitation.java"><line nr="17" mi="0" ci="2" mb="0" cb="0"/><line nr="18" mi="0" ci="3" mb="0" cb="0"/><line nr="19" mi="0" ci="3" mb="0" cb="0"/><line nr="20" mi="0" ci="3" mb="0" cb="0"/><line nr="21" mi="0" ci="3" mb="0" cb="0"/><line nr="22" mi="0" ci="1" mb="0" cb="0"/><line nr="24" mi="0" ci="2" mb="0" cb="0"/><line nr="25" mi="0" ci="3" mb="0" cb="0"/><line nr="26" mi="0" ci="3" mb="0" cb="0"/><line nr="27" mi="0" ci="3" mb="0" cb="0"/><line nr="28" mi="0" ci="1" mb="0" cb="0"/><line nr="31" mi="0" ci="3" mb="0" cb="0"/><line nr="35" mi="0" ci="3" mb="0" cb="0"/><line nr="39" mi="0" ci="3" mb="0" cb="0"/><line nr="43" mi="0" ci="3" mb="0" cb="0"/><line nr="47" mi="0" ci="4" mb="0" cb="0"/><counter type="INSTRUCTION" missed="0" covered="43"/><counter type="LINE" missed="0" covered="16"/><counter type="COMPLEXITY" missed="0" covered="7"/><counter type="METHOD" missed="0" covered="7"/><counter type="CLASS" missed="0" covered="1"/></sourcefile><sourcefile name="Publisher.java"><line nr="24" mi="5" ci="0" mb="0" cb="0"/><line nr="25" mi="5" ci="0" mb="0" cb="0"/><line nr="28" mi="4" ci="0" mb="0" cb="0"/><line nr="29" mi="1" ci="0" mb="0" cb="0"/><line nr="31" mi="2" ci="0" mb="0" cb="0"/><line nr="33" mi="16" ci="0" mb="2" cb="0"/><line nr="34" mi="8" ci="0" mb="0" cb="0"/><line nr="36" mi="3" ci="0" mb="0" cb="0"/><line nr="37" mi="1" ci="0" mb="0" cb="0"/><line nr="43" mi="5" ci="0" mb="2" cb="0"/><line nr="44" mi="8" ci="0" mb="0" cb="0"/><line nr="46" mi="1" ci="0" mb="0" cb="0"/><line nr="50" mi="5" ci="0" mb="2" cb="0"/><line nr="51" mi="8" ci="0" mb="0" cb="0"/><line nr="53" mi="1" ci="0" mb="0" cb="0"/><line nr="57" mi="4" ci="0" mb="0" cb="0"/><line nr="58" mi="5" ci="0" mb="2" cb="0"/><line nr="59" mi="8" ci="0" mb="0" cb="0"/><line nr="60" mi="10" ci="0" mb="2" cb="0"/><line nr="61" mi="8" ci="0" mb="0" cb="0"/><line nr="63" mi="3" ci="0" mb="0" cb="0"/><line nr="64" mi="1" ci="0" mb="0" cb="0"/><line nr="65" mi="7" ci="0" mb="0" cb="0"/><line nr="66" mi="1" ci="0" mb="0" cb="0"/><line nr="67" mi="1" ci="0" mb="0" cb="0"/><line nr="69" mi="1" ci="0" mb="0" cb="0"/><line nr="73" mi="5" ci="0" mb="2" cb="0"/><line nr="74" mi="8" ci="0" mb="0" cb="0"/><line nr="76" mi="1" ci="0" mb="0" cb="0"/><line nr="80" mi="5" ci="0" mb="2" cb="0"/><line nr="81" mi="5" ci="0" mb="0" cb="0"/><line nr="83" mi="1" ci="0" mb="0" cb="0"/><line nr="86" mi="6" ci="0" mb="0" cb="0"/><line nr="91" mi="6" ci="0" mb="2" cb="0"/><line nr="92" mi="9" ci="0" mb="0" cb="0"/><line nr="95" mi="8" ci="0" mb="0" cb="0"/><line nr="97" mi="1" ci="0" mb="0" cb="0"/><line nr="101" mi="10" ci="0" mb="2" cb="0"/><line nr="102" mi="8" ci="0" mb="0" cb="0"/><line nr="103" mi="3" ci="0" mb="2" cb="0"/><line nr="104" mi="3" ci="0" mb="0" cb="0"/><line nr="106" mi="1" ci="0" mb="0" cb="0"/><line nr="107" mi="2" ci="0" mb="0" cb="0"/><counter type="INSTRUCTION" missed="204" covered="0"/><counter type="BRANCH" missed="20" covered="0"/><counter type="LINE" missed="43" covered="0"/><counter type="COMPLEXITY" missed="20" covered="0"/><counter type="METHOD" missed="10" covered="0"/><counter type="CLASS" missed="1" covered="0"/></sourcefile><sourcefile name="Status.java"><line nr="12" mi="9" ci="29" mb="0" cb="0"/><line nr="13" mi="0" ci="6" mb="0" cb="0"/><line nr="14" mi="0" ci="6" mb="0" cb="0"/><line nr="15" mi="0" ci="6" mb="0" cb="0"/><line nr="16" mi="0" ci="6" mb="0" cb="0"/><line nr="17" mi="0" ci="6" mb="0" cb="0"/><counter type="INSTRUCTION" missed="9" covered="59"/><counter type="LINE" missed="0" covered="6"/><counter type="COMPLEXITY" missed="2" covered="2"/><counter type="METHOD" missed="2" covered="2"/><counter type="CLASS" missed="0" covered="1"/></sourcefile><sourcefile name="OpenedMessageRMIController.java"><line nr="25" mi="2" ci="0" mb="0" cb="0"/><line nr="26" mi="3" ci="0" mb="0" cb="0"/><line nr="28" mi="5" ci="0" mb="0" cb="0"/><line nr="29" mi="7" ci="0" mb="0" cb="0"/><line nr="30" mi="1" ci="0" mb="0" cb="0"/><line nr="31" mi="6" ci="0" mb="0" cb="0"/><line nr="32" mi="1" ci="0" mb="0" cb="0"/><line nr="33" mi="4" ci="0" mb="0" cb="0"/><line nr="34" mi="1" ci="0" mb="0" cb="0"/><line nr="35" mi="1" ci="0" mb="0" cb="0"/><line nr="38" mi="4" ci="0" mb="0" cb="0"/><line nr="39" mi="1" ci="0" mb="0" cb="0"/><line nr="42" mi="4" ci="0" mb="0" cb="0"/><line nr="43" mi="1" ci="0" mb="0" cb="0"/><line nr="46" mi="5" ci="0" mb="0" cb="0"/><line nr="47" mi="1" ci="0" mb="0" cb="0"/><counter type="INSTRUCTION" missed="47" covered="0"/><counter type="LINE" missed="16" covered="0"/><counter type="COMPLEXITY" missed="4" covered="0"/><counter type="METHOD" missed="4" covered="0"/><counter type="CLASS" missed="1" covered="0"/></sourcefile><sourcefile name="FriendsRMIController.java"><line nr="30" mi="2" ci="0" mb="0" cb="0"/><line nr="31" mi="3" ci="0" mb="0" cb="0"/><line nr="33" mi="5" ci="0" mb="0" cb="0"/><line nr="34" mi="7" ci="0" mb="0" cb="0"/><line nr="35" mi="7" ci="0" mb="0" cb="0"/><line nr="36" mi="5" ci="0" mb="0" cb="0"/><line nr="37" mi="1" ci="0" mb="0" cb="0"/><line nr="38" mi="6" ci="0" mb="0" cb="0"/><line nr="39" mi="1" ci="0" mb="0" cb="0"/><line nr="40" mi="4" ci="0" mb="0" cb="0"/><line nr="41" mi="1" ci="0" mb="0" cb="0"/><line nr="42" mi="1" ci="0" mb="0" cb="0"/><line nr="48" mi="4" ci="0" mb="0" cb="0"/><line nr="49" mi="1" ci="0" mb="0" cb="0"/><line nr="53" mi="5" ci="0" mb="0" cb="0"/><line nr="55" mi="1" ci="0" mb="0" cb="0"/><line nr="56" mi="5" ci="0" mb="0" cb="0"/><line nr="57" mi="1" ci="0" mb="0" cb="0"/><line nr="58" mi="1" ci="0" mb="0" cb="0"/><line nr="61" mi="5" ci="0" mb="0" cb="0"/><line nr="62" mi="1" ci="0" mb="0" cb="0"/><line nr="65" mi="5" ci="0" mb="0" cb="0"/><line nr="66" mi="1" ci="0" mb="0" cb="0"/><line nr="70" mi="4" ci="0" mb="0" cb="0"/><line nr="71" mi="6" ci="0" mb="0" cb="0"/><line nr="72" mi="1" ci="0" mb="0" cb="0"/><line nr="73" mi="7" ci="0" mb="0" cb="0"/><line nr="74" mi="1" ci="0" mb="0" cb="0"/><line nr="75" mi="1" ci="0" mb="0" cb="0"/><line nr="79" mi="5" ci="0" mb="0" cb="0"/><line nr="80" mi="1" ci="0" mb="0" cb="0"/><line nr="81" mi="7" ci="0" mb="0" cb="0"/><line nr="82" mi="1" ci="0" mb="0" cb="0"/><line nr="83" mi="1" ci="0" mb="0" cb="0"/><line nr="87" mi="5" ci="0" mb="0" cb="0"/><line nr="88" mi="5" ci="0" mb="0" cb="0"/><line nr="89" mi="1" ci="0" mb="0" cb="0"/><line nr="90" mi="7" ci="0" mb="0" cb="0"/><line nr="92" mi="2" ci="0" mb="0" cb="0"/><counter type="INSTRUCTION" missed="128" covered="0"/><counter type="LINE" missed="39" covered="0"/><counter type="COMPLEXITY" missed="8" covered="0"/><counter type="METHOD" missed="8" covered="0"/><counter type="CLASS" missed="1" covered="0"/></sourcefile><sourcefile name="PublisherController.java"><line nr="17" mi="5" ci="0" mb="0" cb="0"/><line nr="19" mi="2" ci="0" mb="0" cb="0"/><line nr="20" mi="1" ci="0" mb="0" cb="0"/><line nr="26" mi="5" ci="0" mb="0" cb="0"/><line nr="27" mi="1" ci="0" mb="0" cb="0"/><line nr="31" mi="5" ci="0" mb="0" cb="0"/><line nr="32" mi="1" ci="0" mb="0" cb="0"/><line nr="36" mi="6" ci="0" mb="0" cb="0"/><line nr="37" mi="1" ci="0" mb="0" cb="0"/><line nr="41" mi="4" ci="0" mb="0" cb="0"/><line nr="42" mi="1" ci="0" mb="0" cb="0"/><line nr="46" mi="4" ci="0" mb="0" cb="0"/><line nr="47" mi="1" ci="0" mb="0" cb="0"/><line nr="51" mi="4" ci="0" mb="0" cb="0"/><line nr="52" mi="1" ci="0" mb="0" cb="0"/><line nr="56" mi="5" ci="0" mb="0" cb="0"/><counter type="INSTRUCTION" missed="47" covered="0"/><counter type="LINE" missed="16" covered="0"/><counter type="COMPLEXITY" missed="8" covered="0"/><counter type="METHOD" missed="8" covered="0"/><counter type="CLASS" missed="1" covered="0"/></sourcefile><sourcefile name="PrivateMessage.java"><line nr="17" mi="0" ci="2" mb="0" cb="0"/><line nr="18" mi="0" ci="3" mb="0" cb="0"/><line nr="19" mi="0" ci="3" mb="0" cb="0"/><line nr="20" mi="0" ci="3" mb="0" cb="0"/><line nr="21" mi="0" ci="3" mb="0" cb="0"/><line nr="22" mi="0" ci="1" mb="0" cb="0"/><line nr="24" mi="0" ci="2" mb="0" cb="0"/><line nr="25" mi="0" ci="3" mb="0" cb="0"/><line nr="26" mi="0" ci="3" mb="0" cb="0"/><line nr="27" mi="0" ci="3" mb="0" cb="0"/><line nr="28" mi="0" ci="1" mb="0" cb="0"/><line nr="32" mi="0" ci="3" mb="0" cb="0"/><line nr="37" mi="0" ci="3" mb="0" cb="0"/><line nr="42" mi="0" ci="3" mb="0" cb="0"/><line nr="47" mi="0" ci="4" mb="0" cb="0"/><line nr="51" mi="0" ci="3" mb="0" cb="0"/><counter type="INSTRUCTION" missed="0" covered="43"/><counter type="LINE" missed="0" covered="16"/><counter type="COMPLEXITY" missed="0" covered="7"/><counter type="METHOD" missed="0" covered="7"/><counter type="CLASS" missed="0" covered="1"/></sourcefile><sourcefile name="ChatMessage.java"><line nr="21" mi="0" ci="2" mb="0" cb="0"/><line nr="22" mi="0" ci="3" mb="0" cb="0"/><line nr="23" mi="0" ci="3" mb="0" cb="0"/><line nr="24" mi="0" ci="3" mb="0" cb="0"/><line nr="25" mi="0" ci="1" mb="0" cb="0"/><line nr="27" mi="0" ci="2" mb="0" cb="0"/><line nr="28" mi="0" ci="3" mb="0" cb="0"/><line nr="29" mi="0" ci="3" mb="0" cb="0"/><line nr="30" mi="0" ci="3" mb="0" cb="0"/><line nr="31" mi="0" ci="1" mb="0" cb="0"/><line nr="35" mi="0" ci="3" mb="0" cb="0"/><line nr="40" mi="0" ci="3" mb="0" cb="0"/><line nr="45" mi="0" ci="3" mb="0" cb="0"/><line nr="50" mi="0" ci="3" mb="0" cb="0"/><line nr="55" mi="0" ci="4" mb="0" cb="0"/><counter type="INSTRUCTION" missed="0" covered="40"/><counter type="LINE" missed="0" covered="15"/><counter type="COMPLEXITY" missed="0" covered="7"/><counter type="METHOD" missed="0" covered="7"/><counter type="CLASS" missed="0" covered="1"/></sourcefile><sourcefile name="SendMessageRMIController.java"><line nr="28" mi="2" ci="0" mb="0" cb="0"/><line nr="29" mi="3" ci="0" mb="0" cb="0"/><line nr="31" mi="5" ci="0" mb="0" cb="0"/><line nr="32" mi="7" ci="0" mb="0" cb="0"/><line nr="33" mi="7" ci="0" mb="0" cb="0"/><line nr="34" mi="1" ci="0" mb="0" cb="0"/><line nr="35" mi="6" ci="0" mb="0" cb="0"/><line nr="36" mi="1" ci="0" mb="0" cb="0"/><line nr="37" mi="4" ci="0" mb="0" cb="0"/><line nr="38" mi="1" ci="0" mb="0" cb="0"/><line nr="39" mi="1" ci="0" mb="0" cb="0"/><line nr="42" mi="4" ci="0" mb="0" cb="0"/><line nr="44" mi="15" ci="0" mb="0" cb="0"/><line nr="45" mi="1" ci="0" mb="0" cb="0"/><line nr="46" mi="7" ci="0" mb="0" cb="0"/><line nr="47" mi="1" ci="0" mb="0" cb="0"/><line nr="48" mi="1" ci="0" mb="0" cb="0"/><counter type="INSTRUCTION" missed="67" covered="0"/><counter type="LINE" missed="17" covered="0"/><counter type="COMPLEXITY" missed="2" covered="0"/><counter type="METHOD" missed="2" covered="0"/><counter type="CLASS" missed="1" covered="0"/></sourcefile><sourcefile name="ChatRMIController.java"><line nr="29" mi="2" ci="0" mb="0" cb="0"/><line nr="30" mi="3" ci="0" mb="0" cb="0"/><line nr="32" mi="5" ci="0" mb="0" cb="0"/><line nr="33" mi="7" ci="0" mb="0" cb="0"/><line nr="34" mi="7" ci="0" mb="0" cb="0"/><line nr="35" mi="11" ci="0" mb="0" cb="0"/><line nr="36" mi="12" ci="0" mb="0" cb="0"/><line nr="37" mi="1" ci="0" mb="0" cb="0"/><line nr="38" mi="6" ci="0" mb="0" cb="0"/><line nr="39" mi="1" ci="0" mb="0" cb="0"/><line nr="40" mi="4" ci="0" mb="0" cb="0"/><line nr="41" mi="1" ci="0" mb="0" cb="0"/><line nr="42" mi="1" ci="0" mb="0" cb="0"/><line nr="45" mi="4" ci="0" mb="0" cb="0"/><line nr="47" mi="14" ci="0" mb="0" cb="0"/><line nr="48" mi="1" ci="0" mb="0" cb="0"/><line nr="49" mi="7" ci="0" mb="0" cb="0"/><line nr="50" mi="1" ci="0" mb="0" cb="0"/><line nr="51" mi="1" ci="0" mb="0" cb="0"/><line nr="55" mi="4" ci="0" mb="0" cb="0"/><line nr="56" mi="1" ci="0" mb="0" cb="0"/><line nr="59" mi="5" ci="0" mb="0" cb="0"/><line nr="60" mi="1" ci="0" mb="0" cb="0"/><line nr="63" mi="4" ci="0" mb="0" cb="0"/><line nr="64" mi="1" ci="0" mb="0" cb="0"/><line nr="67" mi="5" ci="0" mb="0" cb="0"/><line nr="68" mi="1" ci="0" mb="0" cb="0"/><line nr="72" mi="5" ci="0" mb="0" cb="0"/><line nr="73" mi="1" ci="0" mb="0" cb="0"/><line nr="74" mi="7" ci="0" mb="0" cb="0"/><line nr="75" mi="1" ci="0" mb="0" cb="0"/><line nr="76" mi="1" ci="0" mb="0" cb="0"/><counter type="INSTRUCTION" missed="126" covered="0"/><counter type="LINE" missed="32" covered="0"/><counter type="COMPLEXITY" missed="7" covered="0"/><counter type="METHOD" missed="7" covered="0"/><counter type="CLASS" missed="1" covered="0"/></sourcefile><sourcefile name="Chat.java"><line nr="20" mi="0" ci="2" mb="0" cb="0"/><line nr="21" mi="0" ci="3" mb="0" cb="0"/><line nr="22" mi="0" ci="3" mb="0" cb="0"/><line nr="23" mi="0" ci="3" mb="0" cb="0"/><line nr="24" mi="0" ci="1" mb="0" cb="0"/><line nr="27" mi="0" ci="3" mb="0" cb="0"/><line nr="31" mi="0" ci="3" mb="0" cb="0"/><line nr="35" mi="0" ci="3" mb="0" cb="0"/><counter type="INSTRUCTION" missed="0" covered="21"/><counter type="LINE" missed="0" covered="8"/><counter type="COMPLEXITY" missed="0" covered="4"/><counter type="METHOD" missed="0" covered="4"/><counter type="CLASS" missed="0" covered="1"/></sourcefile><sourcefile name="FriendRequest.java"><line nr="17" mi="0" ci="2" mb="0" cb="0"/><line nr="18" mi="0" ci="3" mb="0" cb="0"/><line nr="19" mi="0" ci="3" mb="0" cb="0"/><line nr="20" mi="0" ci="3" mb="0" cb="0"/><line nr="21" mi="0" ci="3" mb="0" cb="0"/><line nr="22" mi="0" ci="1" mb="0" cb="0"/><line nr="24" mi="0" ci="2" mb="0" cb="0"/><line nr="25" mi="0" ci="3" mb="0" cb="0"/><line nr="26" mi="0" ci="3" mb="0" cb="0"/><line nr="27" mi="0" ci="3" mb="0" cb="0"/><line nr="28" mi="0" ci="1" mb="0" cb="0"/><line nr="33" mi="0" ci="3" mb="0" cb="0"/><line nr="38" mi="0" ci="3" mb="0" cb="0"/><line nr="43" mi="0" ci="3" mb="0" cb="0"/><line nr="48" mi="0" ci="3" mb="0" cb="0"/><line nr="53" mi="0" ci="4" mb="0" cb="0"/><counter type="INSTRUCTION" missed="0" covered="43"/><counter type="LINE" missed="0" covered="16"/><counter type="COMPLEXITY" missed="0" covered="7"/><counter type="METHOD" missed="0" covered="7"/><counter type="CLASS" missed="0" covered="1"/></sourcefile><sourcefile name="RegisterDatabaseController.java"><line nr="24" mi="2" ci="0" mb="0" cb="0"/><line nr="26" mi="5" ci="0" mb="0" cb="0"/><line nr="27" mi="7" ci="0" mb="0" cb="0"/><line nr="28" mi="1" ci="0" mb="0" cb="0"/><line nr="29" mi="4" ci="0" mb="0" cb="0"/><line nr="30" mi="1" ci="0" mb="0" cb="0"/><line nr="31" mi="7" ci="0" mb="0" cb="0"/><line nr="32" mi="1" ci="0" mb="0" cb="0"/><line nr="33" mi="1" ci="0" mb="0" cb="0"/><line nr="37" mi="6" ci="0" mb="0" cb="0"/><line nr="39" mi="1" ci="0" mb="0" cb="0"/><line nr="40" mi="4" ci="0" mb="0" cb="0"/><line nr="41" mi="1" ci="0" mb="0" cb="0"/><line nr="42" mi="1" ci="0" mb="0" cb="0"/><counter type="INSTRUCTION" missed="42" covered="0"/><counter type="LINE" missed="14" covered="0"/><counter type="COMPLEXITY" missed="2" covered="0"/><counter type="METHOD" missed="2" covered="0"/><counter type="CLASS" missed="1" covered="0"/></sourcefile><sourcefile name="ChatInfo.java"><line nr="20" mi="0" ci="2" mb="0" cb="0"/><line nr="21" mi="0" ci="6" mb="0" cb="0"/><line nr="22" mi="0" ci="6" mb="0" cb="0"/><line nr="23" mi="0" ci="6" mb="0" cb="0"/><line nr="24" mi="0" ci="1" mb="0" cb="0"/><line nr="27" mi="0" ci="4" mb="0" cb="0"/><line nr="31" mi="0" ci="4" mb="0" cb="0"/><line nr="35" mi="0" ci="4" mb="0" cb="0"/><line nr="39" mi="0" ci="4" mb="0" cb="0"/><line nr="40" mi="0" ci="1" mb="0" cb="0"/><line nr="43" mi="0" ci="4" mb="0" cb="0"/><line nr="44" mi="0" ci="1" mb="0" cb="0"/><line nr="47" mi="0" ci="4" mb="0" cb="0"/><line nr="48" mi="0" ci="1" mb="0" cb="0"/><counter type="INSTRUCTION" missed="0" covered="48"/><counter type="LINE" missed="0" covered="14"/><counter type="COMPLEXITY" missed="0" covered="7"/><counter type="METHOD" missed="0" covered="7"/><counter type="CLASS" missed="0" covered="1"/></sourcefile><sourcefile name="User.java"><line nr="20" mi="0" ci="2" mb="0" cb="0"/><line nr="21" mi="0" ci="3" mb="0" cb="0"/><line nr="22" mi="0" ci="3" mb="0" cb="0"/><line nr="23" mi="0" ci="3" mb="0" cb="0"/><line nr="24" mi="0" ci="1" mb="0" cb="0"/><line nr="26" mi="0" ci="2" mb="0" cb="0"/><line nr="27" mi="0" ci="3" mb="0" cb="0"/><line nr="28" mi="0" ci="1" mb="0" cb="0"/><line nr="31" mi="0" ci="3" mb="0" cb="0"/><line nr="35" mi="0" ci="3" mb="0" cb="0"/><line nr="36" mi="0" ci="1" mb="0" cb="0"/><line nr="39" mi="0" ci="3" mb="0" cb="0"/><line nr="43" mi="3" ci="0" mb="0" cb="0"/><line nr="44" mi="1" ci="0" mb="0" cb="0"/><line nr="47" mi="0" ci="3" mb="0" cb="0"/><line nr="52" mi="3" ci="0" mb="0" cb="0"/><counter type="INSTRUCTION" missed="7" covered="31"/><counter type="LINE" missed="3" covered="13"/><counter type="COMPLEXITY" missed="2" covered="6"/><counter type="METHOD" missed="2" covered="6"/><counter type="CLASS" missed="0" covered="1"/></sourcefile><sourcefile name="Message.java"><line nr="12" mi="0" ci="3" mb="0" cb="0"/><counter type="INSTRUCTION" missed="0" covered="3"/><counter type="LINE" missed="0" covered="1"/><counter type="COMPLEXITY" missed="0" covered="1"/><counter type="METHOD" missed="0" covered="1"/><counter type="CLASS" missed="0" covered="1"/></sourcefile><sourcefile name="MessagesRMIController.java"><line nr="30" mi="2" ci="0" mb="0" cb="0"/><line nr="32" mi="3" ci="0" mb="0" cb="0"/><line nr="33" mi="5" ci="0" mb="0" cb="0"/><line nr="34" mi="7" ci="0" mb="0" cb="0"/><line nr="35" mi="7" ci="0" mb="0" cb="0"/><line nr="36" mi="12" ci="0" mb="0" cb="0"/><line nr="37" mi="13" ci="0" mb="0" cb="0"/><line nr="38" mi="1" ci="0" mb="0" cb="0"/><line nr="39" mi="6" ci="0" mb="0" cb="0"/><line nr="40" mi="1" ci="0" mb="0" cb="0"/><line nr="41" mi="4" ci="0" mb="0" cb="0"/><line nr="42" mi="1" ci="0" mb="0" cb="0"/><line nr="43" mi="1" ci="0" mb="0" cb="0"/><line nr="46" mi="5" ci="0" mb="0" cb="0"/><line nr="51" mi="4" ci="0" mb="0" cb="0"/><line nr="52" mi="1" ci="0" mb="0" cb="0"/><line nr="56" mi="6" ci="0" mb="0" cb="0"/><line nr="57" mi="1" ci="0" mb="0" cb="0"/><line nr="58" mi="7" ci="0" mb="0" cb="0"/><line nr="59" mi="1" ci="0" mb="0" cb="0"/><line nr="60" mi="1" ci="0" mb="0" cb="0"/><line nr="63" mi="4" ci="0" mb="0" cb="0"/><line nr="64" mi="1" ci="0" mb="0" cb="0"/><counter type="INSTRUCTION" missed="94" covered="0"/><counter type="LINE" missed="23" covered="0"/><counter type="COMPLEXITY" missed="5" covered="0"/><counter type="METHOD" missed="5" covered="0"/><counter type="CLASS" missed="1" covered="0"/></sourcefile><sourcefile name="AlertRunnable.java"><line nr="19" mi="2" ci="0" mb="0" cb="0"/><line nr="20" mi="3" ci="0" mb="0" cb="0"/><line nr="21" mi="3" ci="0" mb="0" cb="0"/><line nr="22" mi="3" ci="0" mb="0" cb="0"/><line nr="23" mi="1" ci="0" mb="0" cb="0"/><line nr="29" mi="6" ci="0" mb="0" cb="0"/><line nr="30" mi="4" ci="0" mb="0" cb="0"/><line nr="31" mi="4" ci="0" mb="0" cb="0"/><line nr="32" mi="2" ci="0" mb="0" cb="0"/><line nr="33" mi="1" ci="0" mb="0" cb="0"/><counter type="INSTRUCTION" missed="29" covered="0"/><counter type="LINE" missed="10" covered="0"/><counter type="COMPLEXITY" missed="2" covered="0"/><counter type="METHOD" missed="2" covered="0"/><counter type="CLASS" missed="1" covered="0"/></sourcefile><sourcefile name="LoginController.java"><line nr="23" mi="3" ci="0" mb="0" cb="0"/><line nr="26" mi="2" ci="0" mb="0" cb="0"/><line nr="28" mi="5" ci="0" mb="0" cb="0"/><line nr="29" mi="8" ci="0" mb="0" cb="0"/><line nr="30" mi="1" ci="0" mb="0" cb="0"/><line nr="31" mi="4" ci="0" mb="0" cb="0
[...]
0" mb="0" cb="0"/><line nr="61" mi="1" ci="0" mb="0" cb="0"/><line nr="63" mi="4" ci="0" mb="0" cb="0"/><line nr="64" mi="6" ci="0" mb="0" cb="0"/><line nr="65" mi="3" ci="0" mb="0" cb="0"/><line nr="66" mi="22" ci="0" mb="0" cb="0"/><line nr="69" mi="5" ci="0" mb="0" cb="0"/><line nr="70" mi="4" ci="0" mb="0" cb="0"/><line nr="71" mi="1" ci="0" mb="0" cb="0"/><line nr="73" mi="2" ci="0" mb="0" cb="0"/><line nr="74" mi="4" ci="0" mb="0" cb="0"/><line nr="75" mi="4" ci="0" mb="0" cb="0"/><line nr="76" mi="6" ci="0" mb="0" cb="0"/><line nr="77" mi="6" ci="0" mb="0" cb="0"/><line nr="78" mi="2" ci="0" mb="0" cb="0"/><line nr="79" mi="2" ci="0" mb="0" cb="0"/><line nr="81" mi="1" ci="0" mb="0" cb="0"/><line nr="84" mi="4" ci="0" mb="0" cb="0"/><line nr="85" mi="6" ci="0" mb="0" cb="0"/><line nr="87" mi="3" ci="0" mb="0" cb="0"/><line nr="88" mi="1" ci="0" mb="0" cb="0"/><line nr="89" mi="7" ci="0" mb="0" cb="0"/><line nr="90" mi="1" ci="0" mb="0" cb="0"/><line nr="91" mi="4" ci="0" mb="0" cb="0"/><line nr="92" mi="4" ci="0" mb="0" cb="0"/><line nr="93" mi="6" ci="0" mb="0" cb="0"/><line nr="94" mi="6" ci="0" mb="0" cb="0"/><line nr="95" mi="2" ci="0" mb="0" cb="0"/><line nr="96" mi="2" ci="0" mb="0" cb="0"/><line nr="97" mi="1" ci="0" mb="0" cb="0"/><counter type="INSTRUCTION" missed="185" covered="0"/><counter type="BRANCH" missed="6" covered="0"/><counter type="LINE" missed="47" covered="0"/><counter type="COMPLEXITY" missed="9" covered="0"/><counter type="METHOD" missed="6" covered="0"/><counter type="CLASS" missed="2" covered="0"/></sourcefile><sourcefile name="Client.java"><line nr="18" mi="3" ci="0" mb="0" cb="0"/><line nr="22" mi="7" ci="0" mb="0" cb="0"/><line nr="24" mi="5" ci="0" mb="0" cb="0"/><line nr="26" mi="3" ci="0" mb="0" cb="0"/><line nr="27" mi="2" ci="0" mb="0" cb="0"/><line nr="28" mi="1" ci="0" mb="0" cb="0"/><line nr="34" mi="2" ci="0" mb="0" cb="0"/><line nr="35" mi="1" ci="0" mb="0" cb="0"/><counter type="INSTRUCTION" missed="24" covered="0"/><counter type="LINE" missed="8" covered="0"/><counter type="COMPLEXITY" missed="3" covered="0"/><counter type="METHOD" missed="3" covered="0"/><counter type="CLASS" missed="1" covered="0"/></sourcefile><sourcefile name="MainScreenController.java"><line nr="38" mi="2" ci="0" mb="0" cb="0"/><line nr="45" mi="3" ci="0" mb="0" cb="0"/><line nr="47" mi="4" ci="0" mb="0" cb="0"/><line nr="55" mi="7" ci="0" mb="0" cb="0"/><line nr="56" mi="7" ci="0" mb="0" cb="0"/><line nr="57" mi="7" ci="0" mb="0" cb="0"/><line nr="58" mi="5" ci="0" mb="0" cb="0"/><line nr="59" mi="1" ci="0" mb="0" cb="0"/><line nr="62" mi="3" ci="0" mb="0" cb="0"/><line nr="64" mi="7" ci="0" mb="0" cb="0"/><line nr="65" mi="1" ci="0" mb="0" cb="0"/><line nr="66" mi="17" ci="0" mb="0" cb="0"/><line nr="68" mi="1" ci="0" mb="0" cb="0"/><line nr="69" mi="1" ci="0" mb="0" cb="0"/><line nr="70" mi="17" ci="0" mb="0" cb="0"/><line nr="72" mi="1" ci="0" mb="0" cb="0"/><line nr="73" mi="1" ci="0" mb="0" cb="0"/><line nr="74" mi="2" ci="0" mb="0" cb="0"/><line nr="75" mi="1" ci="0" mb="0" cb="0"/><line nr="78" mi="7" ci="0" mb="0" cb="0"/><line nr="79" mi="5" ci="0" mb="0" cb="0"/><line nr="80" mi="6" ci="0" mb="0" cb="0"/><line nr="81" mi="2" ci="0" mb="0" cb="0"/><line nr="82" mi="4" ci="0" mb="0" cb="0"/><line nr="83" mi="3" ci="0" mb="0" cb="0"/><line nr="84" mi="13" ci="0" mb="0" cb="0"/><line nr="87" mi="5" ci="0" mb="0" cb="0"/><line nr="89" mi="7" ci="0" mb="0" cb="0"/><line nr="90" mi="12" ci="0" mb="2" cb="0"/><line nr="91" mi="5" ci="0" mb="0" cb="0"/><line nr="92" mi="1" ci="0" mb="0" cb="0"/><line nr="94" mi="1" ci="0" mb="0" cb="0"/><line nr="95" mi="1" ci="0" mb="0" cb="0"/><line nr="96" mi="1" ci="0" mb="0" cb="0"/><line nr="98" mi="3" ci="0" mb="0" cb="0"/><line nr="99" mi="2" ci="0" mb="0" cb="0"/><line nr="100" mi="1" ci="0" mb="0" cb="0"/><line nr="104" mi="9" ci="0" mb="0" cb="0"/><line nr="105" mi="11" ci="0" mb="2" cb="0"/><line nr="106" mi="4" ci="0" mb="0" cb="0"/><line nr="107" mi="1" ci="0" mb="0" cb="0"/><line nr="109" mi="1" ci="0" mb="0" cb="0"/><line nr="110" mi="17" ci="0" mb="0" cb="0"/><line nr="112" mi="1" ci="0" mb="0" cb="0"/><line nr="113" mi="1" ci="0" mb="0" cb="0"/><line nr="116" mi="11" ci="0" mb="2" cb="0"/><line nr="117" mi="6" ci="0" mb="2" cb="0"/><line nr="118" mi="5" ci="0" mb="0" cb="0"/><line nr="119" mi="6" ci="0" mb="0" cb="0"/><line nr="120" mi="5" ci="0" mb="0" cb="0"/><line nr="122" mi="1" ci="0" mb="0" cb="0"/><line nr="123" mi="1" ci="0" mb="0" cb="0"/><line nr="126" mi="4" ci="0" mb="0" cb="0"/><line nr="127" mi="6" ci="0" mb="0" cb="0"/><line nr="129" mi="3" ci="0" mb="0" cb="0"/><line nr="130" mi="1" ci="0" mb="0" cb="0"/><line nr="131" mi="7" ci="0" mb="0" cb="0"/><line nr="132" mi="1" ci="0" mb="0" cb="0"/><line nr="133" mi="18" ci="0" mb="0" cb="0"/><line nr="136" mi="5" ci="0" mb="0" cb="0"/><line nr="137" mi="5" ci="0" mb="0" cb="0"/><line nr="138" mi="1" ci="0" mb="0" cb="0"/><line nr="140" mi="4" ci="0" mb="0" cb="0"/><line nr="141" mi="4" ci="0" mb="0" cb="0"/><line nr="142" mi="4" ci="0" mb="0" cb="0"/><line nr="143" mi="6" ci="0" mb="0" cb="0"/><line nr="144" mi="6" ci="0" mb="0" cb="0"/><line nr="145" mi="2" ci="0" mb="0" cb="0"/><line nr="146" mi="11" ci="0" mb="2" cb="0"/><line nr="148" mi="4" ci="0" mb="0" cb="0"/><line nr="150" mi="1" ci="0" mb="0" cb="0"/><line nr="151" mi="1" ci="0" mb="0" cb="0"/><line nr="152" mi="1" ci="0" mb="0" cb="0"/><line nr="153" mi="2" ci="0" mb="0" cb="0"/><line nr="154" mi="1" ci="0" mb="0" cb="0"/><line nr="157" mi="5" ci="0" mb="2" cb="0"/><line nr="158" mi="6" ci="0" mb="0" cb="0"/><line nr="159" mi="6" ci="0" mb="0" cb="0"/><line nr="160" mi="4" ci="0" mb="0" cb="0"/><line nr="161" mi="6" ci="0" mb="0" cb="0"/><line nr="163" mi="3" ci="0" mb="0" cb="0"/><line nr="164" mi="1" ci="0" mb="0" cb="0"/><line nr="165" mi="7" ci="0" mb="0" cb="0"/><line nr="166" mi="1" ci="0" mb="0" cb="0"/><line nr="167" mi="22" ci="0" mb="0" cb="0"/><line nr="170" mi="5" ci="0" mb="0" cb="0"/><line nr="172" mi="7" ci="0" mb="0" cb="0"/><line nr="174" mi="1" ci="0" mb="0" cb="0"/><line nr="175" mi="1" ci="0" mb="0" cb="0"/><line nr="176" mi="1" ci="0" mb="0" cb="0"/><line nr="178" mi="4" ci="0" mb="0" cb="0"/><line nr="179" mi="4" ci="0" mb="0" cb="0"/><line nr="180" mi="4" ci="0" mb="0" cb="0"/><line nr="181" mi="6" ci="0" mb="0" cb="0"/><line nr="182" mi="6" ci="0" mb="0" cb="0"/><line nr="183" mi="2" ci="0" mb="0" cb="0"/><line nr="185" mi="11" ci="0" mb="2" cb="0"/><line nr="186" mi="4" ci="0" mb="0" cb="0"/><line nr="187" mi="1" ci="0" mb="0" cb="0"/><line nr="189" mi="1" ci="0" mb="0" cb="0"/><line nr="191" mi="1" ci="0" mb="0" cb="0"/><line nr="192" mi="2" ci="0" mb="0" cb="0"/><line nr="194" mi="1" ci="0" mb="0" cb="0"/><line nr="197" mi="4" ci="0" mb="0" cb="0"/><line nr="198" mi="6" ci="0" mb="0" cb="0"/><line nr="200" mi="3" ci="0" mb="0" cb="0"/><line nr="201" mi="1" ci="0" mb="0" cb="0"/><line nr="202" mi="7" ci="0" mb="0" cb="0"/><line nr="203" mi="1" ci="0" mb="0" cb="0"/><line nr="204" mi="18" ci="0" mb="0" cb="0"/><line nr="207" mi="5" ci="0" mb="0" cb="0"/><line nr="208" mi="5" ci="0" mb="0" cb="0"/><line nr="209" mi="12" ci="0" mb="2" cb="0"/><line nr="210" mi="5" ci="0" mb="0" cb="0"/><line nr="211" mi="1" ci="0" mb="0" cb="0"/><line nr="212" mi="1" ci="0" mb="0" cb="0"/><line nr="214" mi="4" ci="0" mb="0" cb="0"/><line nr="215" mi="4" ci="0" mb="0" cb="0"/><line nr="216" mi="4" ci="0" mb="0" cb="0"/><line nr="217" mi="6" ci="0" mb="0" cb="0"/><line nr="218" mi="6" ci="0" mb="0" cb="0"/><line nr="219" mi="2" ci="0" mb="0" cb="0"/><line nr="220" mi="2" ci="0" mb="0" cb="0"/><line nr="221" mi="1" ci="0" mb="0" cb="0"/><counter type="INSTRUCTION" missed="566" covered="0"/><counter type="BRANCH" missed="16" covered="0"/><counter type="LINE" missed="124" covered="0"/><counter type="COMPLEXITY" missed="28" covered="0"/><counter type="METHOD" missed="20" covered="0"/><counter type="CLASS" missed="8" covered="0"/></sourcefile><sourcefile name="SendMessageController.java"><line nr="34" mi="2" ci="0" mb="0" cb="0"/><line nr="39" mi="4" ci="0" mb="0" cb="0"/><line nr="46" mi="1" ci="0" mb="0" cb="0"/><line nr="49" mi="10" ci="0" mb="4" cb="0"/><line nr="50" mi="3" ci="0" mb="2" cb="0"/><line nr="52" mi="6" ci="0" mb="0" cb="0"/><line nr="53" mi="1" ci="0" mb="0" cb="0"/><line nr="54" mi="5" ci="0" mb="0" cb="0"/><line nr="55" mi="3" ci="0" mb="0" cb="0"/><line nr="56" mi="3" ci="0" mb="0" cb="0"/><line nr="57" mi="2" ci="0" mb="0" cb="0"/><line nr="58" mi="1" ci="0" mb="0" cb="0"/><line nr="60" mi="1" ci="0" mb="0" cb="0"/><line nr="61" mi="5" ci="0" mb="0" cb="0"/><line nr="62" mi="3" ci="0" mb="0" cb="0"/><line nr="63" mi="3" ci="0" mb="0" cb="0"/><line nr="64" mi="2" ci="0" mb="0" cb="0"/><line nr="65" mi="1" ci="0" mb="0" cb="0"/><line nr="66" mi="1" ci="0" mb="0" cb="0"/><line nr="68" mi="13" ci="0" mb="0" cb="0"/><line nr="71" mi="17" ci="0" mb="0" cb="0"/><line nr="72" mi="5" ci="0" mb="0" cb="0"/><line nr="73" mi="11" ci="0" mb="0" cb="0"/><line nr="76" mi="5" ci="0" mb="0" cb="0"/><line nr="77" mi="3" ci="0" mb="0" cb="0"/><line nr="78" mi="3" ci="0" mb="0" cb="0"/><line nr="79" mi="3" ci="0" mb="0" cb="0"/><line nr="80" mi="4" ci="0" mb="0" cb="0"/><line nr="81" mi="1" ci="0" mb="0" cb="0"/><line nr="83" mi="1" ci="0" mb="0" cb="0"/><line nr="86" mi="1" ci="0" mb="0" cb="0"/><line nr="89" mi="4" ci="0" mb="0" cb="0"/><line nr="90" mi="6" ci="0" mb="0" cb="0"/><line nr="92" mi="3" ci="0" mb="0" cb="0"/><line nr="93" mi="1" ci="0" mb="0" cb="0"/><line nr="94" mi="7" ci="0" mb="0" cb="0"/><line nr="95" mi="1" ci="0" mb="0" cb="0"/><line nr="96" mi="17" ci="0" mb="0" cb="0"/><line nr="99" mi="5" ci="0" mb="0" cb="0"/><line nr="100" mi="5" ci="0" mb="0" cb="0"/><line nr="101" mi="1" ci="0" mb="0" cb="0"/><line nr="103" mi="4" ci="0" mb="0" cb="0"/><line nr="104" mi="4" ci="0" mb="0" cb="0"/><line nr="105" mi="6" ci="0" mb="0" cb="0"/><line nr="106" mi="6" ci="0" mb="0" cb="0"/><line nr="107" mi="2" ci="0" mb="0" cb="0"/><line nr="108" mi="3" ci="0" mb="0" cb="0"/><line nr="109" mi="2" ci="0" mb="0" cb="0"/><line nr="110" mi="1" ci="0" mb="0" cb="0"/><line nr="113" mi="3" ci="0" mb="0" cb="0"/><line nr="114" mi="6" ci="0" mb="0" cb="0"/><line nr="116" mi="6" ci="0" mb="0" cb="0"/><line nr="117" mi="1" ci="0" mb="0" cb="0"/><line nr="118" mi="17" ci="0" mb="0" cb="0"/><line nr="121" mi="1" ci="0" mb="0" cb="0"/><line nr="122" mi="17" ci="0" mb="0" cb="0"/><line nr="124" mi="2" ci="0" mb="0" cb="0"/><line nr="125" mi="1" ci="0" mb="0" cb="0"/><counter type="INSTRUCTION" missed="256" covered="0"/><counter type="BRANCH" missed="6" covered="0"/><counter type="LINE" missed="58" covered="0"/><counter type="COMPLEXITY" missed="16" covered="0"/><counter type="METHOD" missed="13" covered="0"/><counter type="CLASS" missed="6" covered="0"/></sourcefile><sourcefile name="MessagesController.java"><line nr="37" mi="2" ci="0" mb="0" cb="0"/><line nr="42" mi="3" ci="0" mb="0" cb="0"/><line nr="44" mi="4" ci="0" mb="0" cb="0"/><line nr="50" mi="7" ci="0" mb="0" cb="0"/><line nr="51" mi="7" ci="0" mb="0" cb="0"/><line nr="52" mi="5" ci="0" mb="0" cb="0"/><line nr="53" mi="1" ci="0" mb="0" cb="0"/><line nr="56" mi="3" ci="0" mb="0" cb="0"/><line nr="58" mi="8" ci="0" mb="0" cb="0"/><line nr="60" mi="1" ci="0" mb="0" cb="0"/><line nr="61" mi="17" ci="0" mb="0" cb="0"/><line nr="63" mi="1" ci="0" mb="0" cb="0"/><line nr="65" mi="1" ci="0" mb="0" cb="0"/><line nr="66" mi="17" ci="0" mb="0" cb="0"/><line nr="68" mi="1" ci="0" mb="0" cb="0"/><line nr="69" mi="1" ci="0" mb="0" cb="0"/><line nr="70" mi="9" ci="0" mb="0" cb="0"/><line nr="71" mi="1" ci="0" mb="0" cb="0"/><line nr="74" mi="5" ci="0" mb="2" cb="0"/><line nr="75" mi="6" ci="0" mb="0" cb="0"/><line nr="76" mi="4" ci="0" mb="0" cb="0"/><line nr="77" mi="6" ci="0" mb="0" cb="0"/><line nr="79" mi="3" ci="0" mb="0" cb="0"/><line nr="80" mi="1" ci="0" mb="0" cb="0"/><line nr="81" mi="7" ci="0" mb="0" cb="0"/><line nr="82" mi="1" ci="0" mb="0" cb="0"/><line nr="83" mi="21" ci="0" mb="0" cb="0"/><line nr="86" mi="5" ci="0" mb="0" cb="0"/><line nr="87" mi="7" ci="0" mb="0" cb="0"/><line nr="88" mi="1" ci="0" mb="0" cb="0"/><line nr="90" mi="4" ci="0" mb="0" cb="0"/><line nr="91" mi="4" ci="0" mb="0" cb="0"/><line nr="92" mi="6" ci="0" mb="0" cb="0"/><line nr="93" mi="6" ci="0" mb="0" cb="0"/><line nr="94" mi="2" ci="0" mb="0" cb="0"/><line nr="95" mi="3" ci="0" mb="0" cb="0"/><line nr="97" mi="5" ci="0" mb="0" cb="0"/><line nr="99" mi="1" ci="0" mb="0" cb="0"/><line nr="100" mi="1" ci="0" mb="0" cb="0"/><line nr="101" mi="2" ci="0" mb="0" cb="0"/><line nr="103" mi="1" ci="0" mb="0" cb="0"/><line nr="106" mi="4" ci="0" mb="0" cb="0"/><line nr="107" mi="6" ci="0" mb="0" cb="0"/><line nr="109" mi="3" ci="0" mb="0" cb="0"/><line nr="110" mi="1" ci="0" mb="0" cb="0"/><line nr="111" mi="7" ci="0" mb="0" cb="0"/><line nr="112" mi="1" ci="0" mb="0" cb="0"/><line nr="113" mi="17" ci="0" mb="0" cb="0"/><line nr="116" mi="5" ci="0" mb="0" cb="0"/><line nr="117" mi="5" ci="0" mb="0" cb="0"/><line nr="118" mi="1" ci="0" mb="0" cb="0"/><line nr="120" mi="4" ci="0" mb="0" cb="0"/><line nr="121" mi="4" ci="0" mb="0" cb="0"/><line nr="122" mi="6" ci="0" mb="0" cb="0"/><line nr="123" mi="6" ci="0" mb="0" cb="0"/><line nr="124" mi="2" ci="0" mb="0" cb="0"/><line nr="125" mi="3" ci="0" mb="0" cb="0"/><line nr="127" mi="5" ci="0" mb="0" cb="0"/><line nr="129" mi="1" ci="0" mb="0" cb="0"/><line nr="130" mi="1" ci="0" mb="0" cb="0"/><line nr="131" mi="2" ci="0" mb="0" cb="0"/><line nr="132" mi="1" ci="0" mb="0" cb="0"/><line nr="135" mi="4" ci="0" mb="0" cb="0"/><line nr="136" mi="5" ci="0" mb="0" cb="0"/><line nr="137" mi="1" ci="0" mb="0" cb="0"/><line nr="140" mi="4" ci="0" mb="0" cb="0"/><line nr="141" mi="6" ci="0" mb="0" cb="0"/><line nr="143" mi="3" ci="0" mb="0" cb="0"/><line nr="144" mi="1" ci="0" mb="0" cb="0"/><line nr="145" mi="7" ci="0" mb="0" cb="0"/><line nr="146" mi="1" ci="0" mb="0" cb="0"/><line nr="147" mi="17" ci="0" mb="0" cb="0"/><line nr="150" mi="5" ci="0" mb="0" cb="0"/><line nr="151" mi="5" ci="0" mb="0" cb="0"/><line nr="152" mi="7" ci="0" mb="0" cb="0"/><line nr="153" mi="1" ci="0" mb="0" cb="0"/><line nr="155" mi="4" ci="0" mb="0" cb="0"/><line nr="156" mi="4" ci="0" mb="0" cb="0"/><line nr="157" mi="6" ci="0" mb="0" cb="0"/><line nr="158" mi="6" ci="0" mb="0" cb="0"/><line nr="159" mi="2" ci="0" mb="0" cb="0"/><line nr="160" mi="3" ci="0" mb="0" cb="0"/><line nr="161" mi="2" ci="0" mb="0" cb="0"/><line nr="162" mi="1" ci="0" mb="0" cb="0"/><line nr="165" mi="5" ci="0" mb="2" cb="0"/><line nr="166" mi="6" ci="0" mb="0" cb="0"/><line nr="167" mi="3" ci="0" mb="2" cb="0"/><line nr="169" mi="8" ci="0" mb="0" cb="0"/><line nr="170" mi="1" ci="0" mb="0" cb="0"/><line nr="171" mi="5" ci="0" mb="0" cb="0"/><line nr="172" mi="3" ci="0" mb="0" cb="0"/><line nr="173" mi="3" ci="0" mb="0" cb="0"/><line nr="174" mi="2" ci="0" mb="0" cb="0"/><line nr="175" mi="1" ci="0" mb="0" cb="0"/><line nr="178" mi="1" ci="0" mb="0" cb="0"/><line nr="179" mi="5" ci="0" mb="0" cb="0"/><line nr="180" mi="3" ci="0" mb="0" cb="0"/><line nr="181" mi="3" ci="0" mb="0" cb="0"/><line nr="182" mi="2" ci="0" mb="0" cb="0"/><line nr="183" mi="1" ci="0" mb="0" cb="0"/><line nr="184" mi="1" ci="0" mb="0" cb="0"/><line nr="186" mi="4" ci="0" mb="0" cb="0"/><line nr="187" mi="6" ci="0" mb="0" cb="0"/><line nr="189" mi="1" ci="0" mb="0" cb="0"/><counter type="INSTRUCTION" missed="435" covered="0"/><counter type="BRANCH" missed="6" covered="0"/><counter type="LINE" missed="104" covered="0"/><counter type="COMPLEXITY" missed="19" covered="0"/><counter type="METHOD" missed="16" covered="0"/><counter type="CLASS" missed="6" covered="0"/></sourcefile><sourcefile name="OpenedMessageController.java"><line nr="34" mi="2" ci="0" mb="0" cb="0"/><line nr="41" mi="4" ci="0" mb="0" cb="0"/><line nr="48" mi="1" ci="0" mb="0" cb="0"/><line nr="51" mi="3" ci="0" mb="0" cb="0"/><line nr="52" mi="3" ci="0" mb="0" cb="0"/><line nr="53" mi="5" ci="0" mb="2" cb="0"/><line nr="54" mi="5" ci="0" mb="0" cb="0"/><line nr="55" mi="5" ci="0" mb="0" cb="0"/><line nr="57" mi="5" ci="0" mb="0" cb="0"/><line nr="59" mi="6" ci="0" mb="0" cb="0"/><line nr="60" mi="1" ci="0" mb="0" cb="0"/><line nr="61" mi="17" ci="0" mb="0" cb="0"/><line nr="64" mi="1" ci="0" mb="0" cb="0"/><line nr="65" mi="17" ci="0" mb="0" cb="0"/><line nr="67" mi="2" ci="0" mb="0" cb="0"/><line nr="68" mi="1" ci="0" mb="0" cb="0"/><line nr="71" mi="4" ci="0" mb="0" cb="0"/><line nr="72" mi="6" ci="0" mb="0" cb="0"/><line nr="74" mi="3" ci="0" mb="0" cb="0"/><line nr="75" mi="1" ci="0" mb="0" cb="0"/><line nr="76" mi="7" ci="0" mb="0" cb="0"/><line nr="77" mi="1" ci="0" mb="0" cb="0"/><line nr="78" mi="17" ci="0" mb="0" cb="0"/><line nr="81" mi="5" ci="0" mb="0" cb="0"/><line nr="82" mi="5" ci="0" mb="0" cb="0"/><line nr="83" mi="1" ci="0" mb="0" cb="0"/><line nr="85" mi="4" ci="0" mb="0" cb="0"/><line nr="86" mi="4" ci="0" mb="0" cb="0"/><line nr="87" mi="6" ci="0" mb="0" cb="0"/><line nr="88" mi="6" ci="0" mb="0" cb="0"/><line nr="89" mi="2" ci="0" mb="0" cb="0"/><line nr="90" mi="3" ci="0" mb="0" cb="0"/><line nr="91" mi="2" ci="0" mb="0" cb="0"/><line nr="92" mi="1" ci="0" mb="0" cb="0"/><line nr="95" mi="3" ci="0" mb="2" cb="0"/><line nr="97" mi="6" ci="0" mb="0" cb="0"/><line nr="98" mi="1" ci="0" mb="0" cb="0"/><line nr="99" mi="5" ci="0" mb="0" cb="0"/><line nr="100" mi="3" ci="0" mb="0" cb="0"/><line nr="101" mi="3" ci="0" mb="0" cb="0"/><line nr="102" mi="2" ci="0" mb="0" cb="0"/><line nr="103" mi="1" ci="0" mb="0" cb="0"/><line nr="105" mi="1" ci="0" mb="0" cb="0"/><line nr="106" mi="5" ci="0" mb="0" cb="0"/><line nr="107" mi="3" ci="0" mb="0" cb="0"/><line nr="108" mi="3" ci="0" mb="0" cb="0"/><line nr="109" mi="2" ci="0" mb="0" cb="0"/><line nr="110" mi="1" ci="0" mb="0" cb="0"/><line nr="111" mi="1" ci="0" mb="0" cb="0"/><line nr="113" mi="6" ci="0" mb="2" cb="0"/><line nr="114" mi="15" ci="0" mb="0" cb="0"/><line nr="115" mi="4" ci="0" mb="0" cb="0"/><line nr="116" mi="1" ci="0" mb="0" cb="0"/><line nr="118" mi="15" ci="0" mb="0" cb="0"/><line nr="119" mi="7" ci="0" mb="0" cb="0"/><line nr="121" mi="2" ci="0" mb="0" cb="0"/><line nr="122" mi="1" ci="0" mb="0" cb="0"/><line nr="125" mi="3" ci="0" mb="2" cb="0"/><line nr="127" mi="6" ci="0" mb="0" cb="0"/><line nr="128" mi="1" ci="0" mb="0" cb="0"/><line nr="129" mi="5" ci="0" mb="0" cb="0"/><line nr="130" mi="3" ci="0" mb="0" cb="0"/><line nr="131" mi="3" ci="0" mb="0" cb="0"/><line nr="132" mi="2" ci="0" mb="0" cb="0"/><line nr="133" mi="1" ci="0" mb="0" cb="0"/><line nr="135" mi="1" ci="0" mb="0" cb="0"/><line nr="136" mi="5" ci="0" mb="0" cb="0"/><line nr="137" mi="3" ci="0" mb="0" cb="0"/><line nr="138" mi="3" ci="0" mb="0" cb="0"/><line nr="139" mi="2" ci="0" mb="0" cb="0"/><line nr="140" mi="1" ci="0" mb="0" cb="0"/><line nr="141" mi="1" ci="0" mb="0" cb="0"/><line nr="143" mi="5" ci="0" mb="0" cb="0"/><line nr="144" mi="2" ci="0" mb="0" cb="0"/><line nr="145" mi="1" ci="0" mb="0" cb="0"/><counter type="INSTRUCTION" missed="295" covered="0"/><counter type="BRANCH" missed="8" covered="0"/><counter type="LINE" missed="75" covered="0"/><counter type="COMPLEXITY" missed="14" covered="0"/><counter type="METHOD" missed="10" covered="0"/><counter type="CLASS" missed="4" covered="0"/></sourcefile><counter type="INSTRUCTION" missed="3102" covered="0"/><counter type="BRANCH" missed="90" covered="0"/><counter type="LINE" missed="742" covered="0"/><counter type="COMPLEXITY" missed="156" covered="0"/><counter type="METHOD" missed="111" covered="0"/><counter type="CLASS" missed="43" covered="0"/></package><counter type="INSTRUCTION" missed="4754" covered="1047"/><counter type="BRANCH" missed="115" covered="17"/><counter type="LINE" missed="1112" covered="300"/><counter type="COMPLEXITY" missed="238" covered="75"/><counter type="METHOD" missed="179" covered="68"/><counter type="CLASS" missed="56" covered="10"/></report>